2024-07-24 10:47:26,724 INFO  [background-preinit] o.h.v.i.util.Version: HV000001: Hibernate Validator 8.0.1.Final
2024-07-24 10:47:26,844 INFO  [main] o.s.b.StartupInfoLogger: Starting AirportManagementSystemApplication using Java 17.0.11 with PID 26256 (C:\Users\CharlesJester\IdeaProjects\airport-management-system\target\classes started by CharlesJester in C:\Users\CharlesJester\IdeaProjects\airport-management-system)
2024-07-24 10:47:26,847 INFO  [main] o.s.b.SpringApplication: No active profile set, falling back to 1 default profile: "default"
2024-07-24 10:47:29,227 INFO  [main] o.s.d.r.c.RepositoryConfigurationDelegate: Bootstrapping Spring Data JPA repositories in DEFAULT mode.
2024-07-24 10:47:29,279 INFO  [main] o.s.d.r.c.RepositoryConfigurationDelegate: Finished Spring Data repository scanning in 32 ms. Found 0 JPA repository interfaces.
2024-07-24 10:47:31,109 INFO  [main] o.s.b.w.e.t.TomcatWebServer: Tomcat initialized with port 8080 (http)
2024-07-24 10:47:31,146 INFO  [main] o.a.j.l.DirectJDKLog: Initializing ProtocolHandler ["http-nio-8080"]
2024-07-24 10:47:31,155 INFO  [main] o.a.j.l.DirectJDKLog: Starting service [Tomcat]
2024-07-24 10:47:31,157 INFO  [main] o.a.j.l.DirectJDKLog: Starting Servlet engine: [Apache Tomcat/10.1.26]
2024-07-24 10:47:31,474 INFO  [main] o.a.j.l.DirectJDKLog: Initializing Spring embedded WebApplicationContext
2024-07-24 10:47:31,476 INFO  [main] o.s.b.w.s.c.ServletWebServerApplicationContext: Root WebApplicationContext: initialization completed in 4515 ms
2024-07-24 10:47:32,204 WARN  [main] o.s.c.s.AbstractApplicationContext: Exception encountered during context initialization - cancelling refresh attempt: org.springframework.beans.factory.BeanCreationException: Error creating bean with name 'entityManagerFactory' defined in class path resource [org/springframework/boot/autoconfigure/orm/jpa/HibernateJpaConfiguration.class]: Failed to initialize dependency 'dataSourceScriptDatabaseInitializer' of LoadTimeWeaverAware bean 'entityManagerFactory': Error creating bean with name 'dataSourceScriptDatabaseInitializer' defined in class path resource [org/springframework/boot/autoconfigure/sql/init/DataSourceInitializationConfiguration.class]: Unsatisfied dependency expressed through method 'dataSourceScriptDatabaseInitializer' parameter 0: Error creating bean with name 'dataSource' defined in class path resource [org/springframework/boot/autoconfigure/jdbc/DataSourceConfiguration$Hikari.class]: Failed to instantiate [com.zaxxer.hikari.HikariDataSource]: Factory method 'dataSource' threw exception with message: Failed to determine a suitable driver class
2024-07-24 10:47:32,215 INFO  [main] o.a.j.l.DirectJDKLog: Stopping service [Tomcat]
2024-07-24 10:47:32,275 INFO  [main] o.s.b.a.l.ConditionEvaluationReportLogger: 

Error starting ApplicationContext. To display the condition evaluation report re-run your application with 'debug' enabled.
2024-07-24 10:47:32,347 ERROR [main] o.s.b.d.LoggingFailureAnalysisReporter: 

***************************
APPLICATION FAILED TO START
***************************

Description:

Failed to configure a DataSource: 'url' attribute is not specified and no embedded datasource could be configured.

Reason: Failed to determine a suitable driver class


Action:

Consider the following:
	If you want an embedded database (H2, HSQL or Derby), please put it on the classpath.
	If you have database settings to be loaded from a particular profile you may need to activate it (no profiles are currently active).

2024-07-24 10:48:08,843 INFO  [background-preinit] o.h.v.i.util.Version: HV000001: Hibernate Validator 8.0.1.Final
2024-07-24 10:48:08,919 INFO  [main] o.s.b.StartupInfoLogger: Starting AirportManagementSystemApplication using Java 17.0.11 with PID 23804 (C:\Users\CharlesJester\IdeaProjects\airport-management-system\target\classes started by CharlesJester in C:\Users\CharlesJester\IdeaProjects\airport-management-system)
2024-07-24 10:48:08,922 INFO  [main] o.s.b.SpringApplication: No active profile set, falling back to 1 default profile: "default"
2024-07-24 10:48:11,876 INFO  [main] o.s.b.w.e.t.TomcatWebServer: Tomcat initialized with port 8080 (http)
2024-07-24 10:48:11,892 INFO  [main] o.a.j.l.DirectJDKLog: Initializing ProtocolHandler ["http-nio-8080"]
2024-07-24 10:48:11,896 INFO  [main] o.a.j.l.DirectJDKLog: Starting service [Tomcat]
2024-07-24 10:48:11,897 INFO  [main] o.a.j.l.DirectJDKLog: Starting Servlet engine: [Apache Tomcat/10.1.26]
2024-07-24 10:48:12,056 INFO  [main] o.a.j.l.DirectJDKLog: Initializing Spring embedded WebApplicationContext
2024-07-24 10:48:12,058 INFO  [main] o.s.b.w.s.c.ServletWebServerApplicationContext: Root WebApplicationContext: initialization completed in 3032 ms
2024-07-24 10:48:13,424 INFO  [main] o.s.b.a.e.w.EndpointLinksResolver: Exposing 1 endpoint beneath base path '/actuator'
2024-07-24 10:48:13,543 INFO  [main] o.a.j.l.DirectJDKLog: Starting ProtocolHandler ["http-nio-8080"]
2024-07-24 10:48:13,554 WARN  [main] o.s.c.s.AbstractApplicationContext: Exception encountered during context initialization - cancelling refresh attempt: org.springframework.context.ApplicationContextException: Failed to start bean 'webServerStartStop'
2024-07-24 10:48:13,614 INFO  [main] o.s.b.a.l.ConditionEvaluationReportLogger: 

Error starting ApplicationContext. To display the condition evaluation report re-run your application with 'debug' enabled.
2024-07-24 10:48:13,678 ERROR [main] o.s.b.d.LoggingFailureAnalysisReporter: 

***************************
APPLICATION FAILED TO START
***************************

Description:

Web server failed to start. Port 8080 was already in use.

Action:

Identify and stop the process that's listening on port 8080 or configure this application to listen on another port.

2024-07-24 10:50:33,648 INFO  [background-preinit] o.h.v.i.util.Version: HV000001: Hibernate Validator 8.0.1.Final
2024-07-24 10:50:33,717 INFO  [main] o.s.b.StartupInfoLogger: Starting AirportManagementSystemApplication using Java 17.0.11 with PID 4512 (C:\Users\CharlesJester\IdeaProjects\airport-management-system\target\classes started by CharlesJester in C:\Users\CharlesJester\IdeaProjects\airport-management-system)
2024-07-24 10:50:33,719 INFO  [main] o.s.b.SpringApplication: No active profile set, falling back to 1 default profile: "default"
2024-07-24 10:50:36,379 INFO  [main] o.s.b.w.e.t.TomcatWebServer: Tomcat initialized with port 8080 (http)
2024-07-24 10:50:36,397 INFO  [main] o.a.j.l.DirectJDKLog: Initializing ProtocolHandler ["http-nio-8080"]
2024-07-24 10:50:36,402 INFO  [main] o.a.j.l.DirectJDKLog: Starting service [Tomcat]
2024-07-24 10:50:36,403 INFO  [main] o.a.j.l.DirectJDKLog: Starting Servlet engine: [Apache Tomcat/10.1.26]
2024-07-24 10:50:36,560 INFO  [main] o.a.j.l.DirectJDKLog: Initializing Spring embedded WebApplicationContext
2024-07-24 10:50:36,561 INFO  [main] o.s.b.w.s.c.ServletWebServerApplicationContext: Root WebApplicationContext: initialization completed in 2765 ms
2024-07-24 10:50:37,945 INFO  [main] o.s.b.a.e.w.EndpointLinksResolver: Exposing 1 endpoint beneath base path '/actuator'
2024-07-24 10:50:38,018 INFO  [main] o.a.j.l.DirectJDKLog: Starting ProtocolHandler ["http-nio-8080"]
2024-07-24 10:50:38,059 INFO  [main] o.s.b.w.e.t.TomcatWebServer: Tomcat started on port 8080 (http) with context path '/'
2024-07-24 10:50:38,091 INFO  [main] o.s.b.StartupInfoLogger: Started AirportManagementSystemApplication in 4.913 seconds (process running for 6.231)
2024-07-24 10:50:53,256 INFO  [http-nio-8080-exec-1] o.a.j.l.DirectJDKLog: Initializing Spring DispatcherServlet 'dispatcherServlet'
2024-07-24 10:50:53,257 INFO  [http-nio-8080-exec-1] o.s.w.s.FrameworkServlet: Initializing Servlet 'dispatcherServlet'
2024-07-24 10:50:53,258 INFO  [http-nio-8080-exec-1] o.s.w.s.FrameworkServlet: Completed initialization in 1 ms
2024-07-24 10:50:53,774 ERROR [http-nio-8080-exec-1] o.a.j.l.DirectJDKLog: Servlet.service() for servlet [dispatcherServlet] in context with path [] threw exception [Circular view path [flights]: would dispatch back to the current handler URL [/flights] again. Check your ViewResolver setup! (Hint: This may be the result of an unspecified view, due to default view name generation.)] with root cause
jakarta.servlet.ServletException: Circular view path [flights]: would dispatch back to the current handler URL [/flights] again. Check your ViewResolver setup! (Hint: This may be the result of an unspecified view, due to default view name generation.)
	at org.springframework.web.servlet.view.InternalResourceView.prepareForRendering(InternalResourceView.java:210)
	at org.springframework.web.servlet.view.InternalResourceView.renderMergedOutputModel(InternalResourceView.java:148)
	at org.springframework.web.servlet.view.AbstractView.render(AbstractView.java:314)
	at org.springframework.web.servlet.DispatcherServlet.render(DispatcherServlet.java:1431)
	at org.springframework.web.servlet.DispatcherServlet.processDispatchResult(DispatcherServlet.java:1167)
	at org.springframework.web.servlet.DispatcherServlet.doDispatch(DispatcherServlet.java:1106)
	at org.springframework.web.servlet.DispatcherServlet.doService(DispatcherServlet.java:979)
	at org.springframework.web.servlet.FrameworkServlet.processRequest(FrameworkServlet.java:1014)
	at org.springframework.web.servlet.FrameworkServlet.doGet(FrameworkServlet.java:903)
	at jakarta.servlet.http.HttpServlet.service(HttpServlet.java:564)
	at org.springframework.web.servlet.FrameworkServlet.service(FrameworkServlet.java:885)
	at jakarta.servlet.http.HttpServlet.service(HttpServlet.java:658)
	at org.apache.catalina.core.ApplicationFilterChain.internalDoFilter(ApplicationFilterChain.java:195)
	at org.apache.catalina.core.ApplicationFilterChain.doFilter(ApplicationFilterChain.java:140)
	at org.apache.tomcat.websocket.server.WsFilter.doFilter(WsFilter.java:51)
	at org.apache.catalina.core.ApplicationFilterChain.internalDoFilter(ApplicationFilterChain.java:164)
	at org.apache.catalina.core.ApplicationFilterChain.doFilter(ApplicationFilterChain.java:140)
	at org.springframework.web.filter.RequestContextFilter.doFilterInternal(RequestContextFilter.java:100)
	at org.springframework.web.filter.OncePerRequestFilter.doFilter(OncePerRequestFilter.java:116)
	at org.apache.catalina.core.ApplicationFilterChain.internalDoFilter(ApplicationFilterChain.java:164)
	at org.apache.catalina.core.ApplicationFilterChain.doFilter(ApplicationFilterChain.java:140)
	at org.springframework.web.filter.FormContentFilter.doFilterInternal(FormContentFilter.java:93)
	at org.springframework.web.filter.OncePerRequestFilter.doFilter(OncePerRequestFilter.java:116)
	at org.apache.catalina.core.ApplicationFilterChain.internalDoFilter(ApplicationFilterChain.java:164)
	at org.apache.catalina.core.ApplicationFilterChain.doFilter(ApplicationFilterChain.java:140)
	at org.springframework.web.filter.ServerHttpObservationFilter.doFilterInternal(ServerHttpObservationFilter.java:113)
	at org.springframework.web.filter.OncePerRequestFilter.doFilter(OncePerRequestFilter.java:116)
	at org.apache.catalina.core.ApplicationFilterChain.internalDoFilter(ApplicationFilterChain.java:164)
	at org.apache.catalina.core.ApplicationFilterChain.doFilter(ApplicationFilterChain.java:140)
	at org.springframework.web.filter.CharacterEncodingFilter.doFilterInternal(CharacterEncodingFilter.java:201)
	at org.springframework.web.filter.OncePerRequestFilter.doFilter(OncePerRequestFilter.java:116)
	at org.apache.catalina.core.ApplicationFilterChain.internalDoFilter(ApplicationFilterChain.java:164)
	at org.apache.catalina.core.ApplicationFilterChain.doFilter(ApplicationFilterChain.java:140)
	at org.apache.catalina.core.StandardWrapperValve.invoke(StandardWrapperValve.java:167)
	at org.apache.catalina.core.StandardContextValve.invoke(StandardContextValve.java:90)
	at org.apache.catalina.authenticator.AuthenticatorBase.invoke(AuthenticatorBase.java:483)
	at org.apache.catalina.core.StandardHostValve.invoke(StandardHostValve.java:115)
	at org.apache.catalina.valves.ErrorReportValve.invoke(ErrorReportValve.java:93)
	at org.apache.catalina.core.StandardEngineValve.invoke(StandardEngineValve.java:74)
	at org.apache.catalina.connector.CoyoteAdapter.service(CoyoteAdapter.java:344)
	at org.apache.coyote.http11.Http11Processor.service(Http11Processor.java:389)
	at org.apache.coyote.AbstractProcessorLight.process(AbstractProcessorLight.java:63)
	at org.apache.coyote.AbstractProtocol$ConnectionHandler.process(AbstractProtocol.java:904)
	at org.apache.tomcat.util.net.NioEndpoint$SocketProcessor.doRun(NioEndpoint.java:1741)
	at org.apache.tomcat.util.net.SocketProcessorBase.run(SocketProcessorBase.java:52)
	at org.apache.tomcat.util.threads.ThreadPoolExecutor.runWorker(ThreadPoolExecutor.java:1190)
	at org.apache.tomcat.util.threads.ThreadPoolExecutor$Worker.run(ThreadPoolExecutor.java:659)
	at org.apache.tomcat.util.threads.TaskThread$WrappingRunnable.run(TaskThread.java:63)
	at java.base/java.lang.Thread.run(Thread.java:840)
2024-07-24 10:52:05,368 INFO  [background-preinit] o.h.v.i.util.Version: HV000001: Hibernate Validator 8.0.1.Final
2024-07-24 10:52:05,456 INFO  [main] o.s.b.StartupInfoLogger: Starting AirportManagementSystemApplication using Java 17.0.11 with PID 18576 (C:\Users\CharlesJester\IdeaProjects\airport-management-system\target\classes started by CharlesJester in C:\Users\CharlesJester\IdeaProjects\airport-management-system)
2024-07-24 10:52:05,458 INFO  [main] o.s.b.SpringApplication: No active profile set, falling back to 1 default profile: "default"
2024-07-24 10:52:08,642 INFO  [main] o.s.b.w.e.t.TomcatWebServer: Tomcat initialized with port 8080 (http)
2024-07-24 10:52:08,655 INFO  [main] o.a.j.l.DirectJDKLog: Initializing ProtocolHandler ["http-nio-8080"]
2024-07-24 10:52:08,659 INFO  [main] o.a.j.l.DirectJDKLog: Starting service [Tomcat]
2024-07-24 10:52:08,661 INFO  [main] o.a.j.l.DirectJDKLog: Starting Servlet engine: [Apache Tomcat/10.1.26]
2024-07-24 10:52:08,796 INFO  [main] o.a.j.l.DirectJDKLog: Initializing Spring embedded WebApplicationContext
2024-07-24 10:52:08,797 INFO  [main] o.s.b.w.s.c.ServletWebServerApplicationContext: Root WebApplicationContext: initialization completed in 3255 ms
2024-07-24 10:52:10,008 INFO  [main] o.s.b.a.e.w.EndpointLinksResolver: Exposing 1 endpoint beneath base path '/actuator'
2024-07-24 10:52:10,136 INFO  [main] o.a.j.l.DirectJDKLog: Starting ProtocolHandler ["http-nio-8080"]
2024-07-24 10:52:10,213 INFO  [main] o.s.b.w.e.t.TomcatWebServer: Tomcat started on port 8080 (http) with context path '/'
2024-07-24 10:52:10,247 INFO  [main] o.s.b.StartupInfoLogger: Started AirportManagementSystemApplication in 5.402 seconds (process running for 6.703)
2024-07-24 10:52:29,557 INFO  [http-nio-8080-exec-1] o.a.j.l.DirectJDKLog: Initializing Spring DispatcherServlet 'dispatcherServlet'
2024-07-24 10:52:29,558 INFO  [http-nio-8080-exec-1] o.s.w.s.FrameworkServlet: Initializing Servlet 'dispatcherServlet'
2024-07-24 10:52:29,559 INFO  [http-nio-8080-exec-1] o.s.w.s.FrameworkServlet: Completed initialization in 1 ms
2024-07-24 10:56:12,600 INFO  [background-preinit] o.h.v.i.util.Version: HV000001: Hibernate Validator 8.0.1.Final
2024-07-24 10:56:12,700 INFO  [main] o.s.b.StartupInfoLogger: Starting AirportManagementSystemApplication using Java 17.0.11 with PID 10408 (C:\Users\CharlesJester\IdeaProjects\airport-management-system\target\classes started by CharlesJester in C:\Users\CharlesJester\IdeaProjects\airport-management-system)
2024-07-24 10:56:12,702 INFO  [main] o.s.b.SpringApplication: No active profile set, falling back to 1 default profile: "default"
2024-07-24 10:56:15,672 INFO  [main] o.s.b.w.e.t.TomcatWebServer: Tomcat initialized with port 8080 (http)
2024-07-24 10:56:15,686 INFO  [main] o.a.j.l.DirectJDKLog: Initializing ProtocolHandler ["http-nio-8080"]
2024-07-24 10:56:15,689 INFO  [main] o.a.j.l.DirectJDKLog: Starting service [Tomcat]
2024-07-24 10:56:15,690 INFO  [main] o.a.j.l.DirectJDKLog: Starting Servlet engine: [Apache Tomcat/10.1.26]
2024-07-24 10:56:15,809 INFO  [main] o.a.j.l.DirectJDKLog: Initializing Spring embedded WebApplicationContext
2024-07-24 10:56:15,812 INFO  [main] o.s.b.w.s.c.ServletWebServerApplicationContext: Root WebApplicationContext: initialization completed in 2982 ms
2024-07-24 10:56:17,173 INFO  [main] o.s.b.a.e.w.EndpointLinksResolver: Exposing 1 endpoint beneath base path '/actuator'
2024-07-24 10:56:17,256 INFO  [main] o.a.j.l.DirectJDKLog: Starting ProtocolHandler ["http-nio-8080"]
2024-07-24 10:56:17,312 INFO  [main] o.s.b.w.e.t.TomcatWebServer: Tomcat started on port 8080 (http) with context path '/'
2024-07-24 10:56:17,342 INFO  [main] o.s.b.StartupInfoLogger: Started AirportManagementSystemApplication in 5.356 seconds (process running for 6.456)
2024-07-24 10:56:32,261 INFO  [http-nio-8080-exec-2] o.a.j.l.DirectJDKLog: Initializing Spring DispatcherServlet 'dispatcherServlet'
2024-07-24 10:56:32,261 INFO  [http-nio-8080-exec-2] o.s.w.s.FrameworkServlet: Initializing Servlet 'dispatcherServlet'
2024-07-24 10:56:32,263 INFO  [http-nio-8080-exec-2] o.s.w.s.FrameworkServlet: Completed initialization in 1 ms
2024-07-24 10:57:05,609 ERROR [http-nio-8080-exec-3] o.a.j.l.DirectJDKLog: Servlet.service() for servlet [dispatcherServlet] in context with path [] threw exception [Request processing failed: com.revature.ams.util.exceptions.DataNotFoundException: No flight with that id 7767676 exists in our database.] with root cause
com.revature.ams.util.exceptions.DataNotFoundException: No flight with that id 7767676 exists in our database.
	at com.revature.ams.Flight.FlightRepository.findById(FlightRepository.java:150)
	at com.revature.ams.Flight.FlightService.findById(FlightService.java:41)
	at com.revature.ams.Flight.FlightController.getFlightById(FlightController.java:32)
	at java.base/jdk.internal.reflect.NativeMethodAccessorImpl.invoke0(Native Method)
	at java.base/jdk.internal.reflect.NativeMethodAccessorImpl.invoke(NativeMethodAccessorImpl.java:77)
	at java.base/jdk.internal.reflect.DelegatingMethodAccessorImpl.invoke(DelegatingMethodAccessorImpl.java:43)
	at java.base/java.lang.reflect.Method.invoke(Method.java:568)
	at org.springframework.web.method.support.InvocableHandlerMethod.doInvoke(InvocableHandlerMethod.java:255)
	at org.springframework.web.method.support.InvocableHandlerMethod.invokeForRequest(InvocableHandlerMethod.java:188)
	at org.springframework.web.servlet.mvc.method.annotation.ServletInvocableHandlerMethod.invokeAndHandle(ServletInvocableHandlerMethod.java:118)
	at org.springframework.web.servlet.mvc.method.annotation.RequestMappingHandlerAdapter.invokeHandlerMethod(RequestMappingHandlerAdapter.java:926)
	at org.springframework.web.servlet.mvc.method.annotation.RequestMappingHandlerAdapter.handleInternal(RequestMappingHandlerAdapter.java:831)
	at org.springframework.web.servlet.mvc.method.AbstractHandlerMethodAdapter.handle(AbstractHandlerMethodAdapter.java:87)
	at org.springframework.web.servlet.DispatcherServlet.doDispatch(DispatcherServlet.java:1089)
	at org.springframework.web.servlet.DispatcherServlet.doService(DispatcherServlet.java:979)
	at org.springframework.web.servlet.FrameworkServlet.processRequest(FrameworkServlet.java:1014)
	at org.springframework.web.servlet.FrameworkServlet.doGet(FrameworkServlet.java:903)
	at jakarta.servlet.http.HttpServlet.service(HttpServlet.java:564)
	at org.springframework.web.servlet.FrameworkServlet.service(FrameworkServlet.java:885)
	at jakarta.servlet.http.HttpServlet.service(HttpServlet.java:658)
	at org.apache.catalina.core.ApplicationFilterChain.internalDoFilter(ApplicationFilterChain.java:195)
	at org.apache.catalina.core.ApplicationFilterChain.doFilter(ApplicationFilterChain.java:140)
	at org.apache.tomcat.websocket.server.WsFilter.doFilter(WsFilter.java:51)
	at org.apache.catalina.core.ApplicationFilterChain.internalDoFilter(ApplicationFilterChain.java:164)
	at org.apache.catalina.core.ApplicationFilterChain.doFilter(ApplicationFilterChain.java:140)
	at org.springframework.web.filter.RequestContextFilter.doFilterInternal(RequestContextFilter.java:100)
	at org.springframework.web.filter.OncePerRequestFilter.doFilter(OncePerRequestFilter.java:116)
	at org.apache.catalina.core.ApplicationFilterChain.internalDoFilter(ApplicationFilterChain.java:164)
	at org.apache.catalina.core.ApplicationFilterChain.doFilter(ApplicationFilterChain.java:140)
	at org.springframework.web.filter.FormContentFilter.doFilterInternal(FormContentFilter.java:93)
	at org.springframework.web.filter.OncePerRequestFilter.doFilter(OncePerRequestFilter.java:116)
	at org.apache.catalina.core.ApplicationFilterChain.internalDoFilter(ApplicationFilterChain.java:164)
	at org.apache.catalina.core.ApplicationFilterChain.doFilter(ApplicationFilterChain.java:140)
	at org.springframework.web.filter.ServerHttpObservationFilter.doFilterInternal(ServerHttpObservationFilter.java:113)
	at org.springframework.web.filter.OncePerRequestFilter.doFilter(OncePerRequestFilter.java:116)
	at org.apache.catalina.core.ApplicationFilterChain.internalDoFilter(ApplicationFilterChain.java:164)
	at org.apache.catalina.core.ApplicationFilterChain.doFilter(ApplicationFilterChain.java:140)
	at org.springframework.web.filter.CharacterEncodingFilter.doFilterInternal(CharacterEncodingFilter.java:201)
	at org.springframework.web.filter.OncePerRequestFilter.doFilter(OncePerRequestFilter.java:116)
	at org.apache.catalina.core.ApplicationFilterChain.internalDoFilter(ApplicationFilterChain.java:164)
	at org.apache.catalina.core.ApplicationFilterChain.doFilter(ApplicationFilterChain.java:140)
	at org.apache.catalina.core.StandardWrapperValve.invoke(StandardWrapperValve.java:167)
	at org.apache.catalina.core.StandardContextValve.invoke(StandardContextValve.java:90)
	at org.apache.catalina.authenticator.AuthenticatorBase.invoke(AuthenticatorBase.java:483)
	at org.apache.catalina.core.StandardHostValve.invoke(StandardHostValve.java:115)
	at org.apache.catalina.valves.ErrorReportValve.invoke(ErrorReportValve.java:93)
	at org.apache.catalina.core.StandardEngineValve.invoke(StandardEngineValve.java:74)
	at org.apache.catalina.connector.CoyoteAdapter.service(CoyoteAdapter.java:344)
	at org.apache.coyote.http11.Http11Processor.service(Http11Processor.java:389)
	at org.apache.coyote.AbstractProcessorLight.process(AbstractProcessorLight.java:63)
	at org.apache.coyote.AbstractProtocol$ConnectionHandler.process(AbstractProtocol.java:904)
	at org.apache.tomcat.util.net.NioEndpoint$SocketProcessor.doRun(NioEndpoint.java:1741)
	at org.apache.tomcat.util.net.SocketProcessorBase.run(SocketProcessorBase.java:52)
	at org.apache.tomcat.util.threads.ThreadPoolExecutor.runWorker(ThreadPoolExecutor.java:1190)
	at org.apache.tomcat.util.threads.ThreadPoolExecutor$Worker.run(ThreadPoolExecutor.java:659)
	at org.apache.tomcat.util.threads.TaskThread$WrappingRunnable.run(TaskThread.java:63)
	at java.base/java.lang.Thread.run(Thread.java:840)
2024-07-24 10:59:11,411 INFO  [background-preinit] o.h.v.i.util.Version: HV000001: Hibernate Validator 8.0.1.Final
2024-07-24 10:59:11,510 INFO  [main] o.s.b.StartupInfoLogger: Starting AirportManagementSystemApplication using Java 17.0.11 with PID 13432 (C:\Users\CharlesJester\IdeaProjects\airport-management-system\target\classes started by CharlesJester in C:\Users\CharlesJester\IdeaProjects\airport-management-system)
2024-07-24 10:59:11,511 INFO  [main] o.s.b.SpringApplication: No active profile set, falling back to 1 default profile: "default"
2024-07-24 10:59:14,252 INFO  [main] o.s.b.w.e.t.TomcatWebServer: Tomcat initialized with port 8080 (http)
2024-07-24 10:59:14,264 INFO  [main] o.a.j.l.DirectJDKLog: Initializing ProtocolHandler ["http-nio-8080"]
2024-07-24 10:59:14,268 INFO  [main] o.a.j.l.DirectJDKLog: Starting service [Tomcat]
2024-07-24 10:59:14,269 INFO  [main] o.a.j.l.DirectJDKLog: Starting Servlet engine: [Apache Tomcat/10.1.26]
2024-07-24 10:59:14,526 INFO  [main] o.a.j.l.DirectJDKLog: Initializing Spring embedded WebApplicationContext
2024-07-24 10:59:14,528 INFO  [main] o.s.b.w.s.c.ServletWebServerApplicationContext: Root WebApplicationContext: initialization completed in 2924 ms
2024-07-24 10:59:15,691 INFO  [main] o.s.b.a.e.w.EndpointLinksResolver: Exposing 1 endpoint beneath base path '/actuator'
2024-07-24 10:59:15,797 INFO  [main] o.a.j.l.DirectJDKLog: Starting ProtocolHandler ["http-nio-8080"]
2024-07-24 10:59:15,872 INFO  [main] o.s.b.w.e.t.TomcatWebServer: Tomcat started on port 8080 (http) with context path '/'
2024-07-24 10:59:15,902 INFO  [main] o.s.b.StartupInfoLogger: Started AirportManagementSystemApplication in 5.028 seconds (process running for 6.452)
2024-07-24 10:59:20,259 INFO  [http-nio-8080-exec-2] o.a.j.l.DirectJDKLog: Initializing Spring DispatcherServlet 'dispatcherServlet'
2024-07-24 10:59:20,260 INFO  [http-nio-8080-exec-2] o.s.w.s.FrameworkServlet: Initializing Servlet 'dispatcherServlet'
2024-07-24 10:59:20,263 INFO  [http-nio-8080-exec-2] o.s.w.s.FrameworkServlet: Completed initialization in 2 ms
2024-07-24 11:02:19,699 INFO  [background-preinit] o.h.v.i.util.Version: HV000001: Hibernate Validator 8.0.1.Final
2024-07-24 11:02:19,773 INFO  [main] o.s.b.StartupInfoLogger: Starting AirportManagementSystemApplication using Java 17.0.11 with PID 4348 (C:\Users\CharlesJester\IdeaProjects\airport-management-system\target\classes started by CharlesJester in C:\Users\CharlesJester\IdeaProjects\airport-management-system)
2024-07-24 11:02:19,775 INFO  [main] o.s.b.SpringApplication: No active profile set, falling back to 1 default profile: "default"
2024-07-24 11:02:22,316 INFO  [main] o.s.b.w.e.t.TomcatWebServer: Tomcat initialized with port 8080 (http)
2024-07-24 11:02:22,327 INFO  [main] o.a.j.l.DirectJDKLog: Initializing ProtocolHandler ["http-nio-8080"]
2024-07-24 11:02:22,330 INFO  [main] o.a.j.l.DirectJDKLog: Starting service [Tomcat]
2024-07-24 11:02:22,330 INFO  [main] o.a.j.l.DirectJDKLog: Starting Servlet engine: [Apache Tomcat/10.1.26]
2024-07-24 11:02:22,433 INFO  [main] o.a.j.l.DirectJDKLog: Initializing Spring embedded WebApplicationContext
2024-07-24 11:02:22,434 INFO  [main] o.s.b.w.s.c.ServletWebServerApplicationContext: Root WebApplicationContext: initialization completed in 2578 ms
2024-07-24 11:02:23,652 INFO  [main] o.s.b.a.e.w.EndpointLinksResolver: Exposing 1 endpoint beneath base path '/actuator'
2024-07-24 11:02:23,718 INFO  [main] o.a.j.l.DirectJDKLog: Starting ProtocolHandler ["http-nio-8080"]
2024-07-24 11:02:23,763 INFO  [main] o.s.b.w.e.t.TomcatWebServer: Tomcat started on port 8080 (http) with context path '/'
2024-07-24 11:02:23,793 INFO  [main] o.s.b.StartupInfoLogger: Started AirportManagementSystemApplication in 4.555 seconds (process running for 5.865)
2024-07-24 11:02:35,780 INFO  [http-nio-8080-exec-2] o.a.j.l.DirectJDKLog: Initializing Spring DispatcherServlet 'dispatcherServlet'
2024-07-24 11:02:35,781 INFO  [http-nio-8080-exec-2] o.s.w.s.FrameworkServlet: Initializing Servlet 'dispatcherServlet'
2024-07-24 11:02:35,783 INFO  [http-nio-8080-exec-2] o.s.w.s.FrameworkServlet: Completed initialization in 2 ms
2024-07-24 11:04:12,958 INFO  [background-preinit] o.h.v.i.util.Version: HV000001: Hibernate Validator 8.0.1.Final
2024-07-24 11:04:13,055 INFO  [main] o.s.b.StartupInfoLogger: Starting AirportManagementSystemApplication using Java 17.0.11 with PID 7416 (C:\Users\CharlesJester\IdeaProjects\airport-management-system\target\classes started by CharlesJester in C:\Users\CharlesJester\IdeaProjects\airport-management-system)
2024-07-24 11:04:13,058 INFO  [main] o.s.b.SpringApplication: No active profile set, falling back to 1 default profile: "default"
2024-07-24 11:04:15,568 INFO  [main] o.s.b.w.e.t.TomcatWebServer: Tomcat initialized with port 8080 (http)
2024-07-24 11:04:15,583 INFO  [main] o.a.j.l.DirectJDKLog: Initializing ProtocolHandler ["http-nio-8080"]
2024-07-24 11:04:15,590 INFO  [main] o.a.j.l.DirectJDKLog: Starting service [Tomcat]
2024-07-24 11:04:15,591 INFO  [main] o.a.j.l.DirectJDKLog: Starting Servlet engine: [Apache Tomcat/10.1.26]
2024-07-24 11:04:15,724 INFO  [main] o.a.j.l.DirectJDKLog: Initializing Spring embedded WebApplicationContext
2024-07-24 11:04:15,726 INFO  [main] o.s.b.w.s.c.ServletWebServerApplicationContext: Root WebApplicationContext: initialization completed in 2565 ms
2024-07-24 11:04:16,953 INFO  [main] o.s.b.a.e.w.EndpointLinksResolver: Exposing 1 endpoint beneath base path '/actuator'
2024-07-24 11:04:17,071 INFO  [main] o.a.j.l.DirectJDKLog: Starting ProtocolHandler ["http-nio-8080"]
2024-07-24 11:04:17,131 INFO  [main] o.s.b.w.e.t.TomcatWebServer: Tomcat started on port 8080 (http) with context path '/'
2024-07-24 11:04:17,151 INFO  [main] o.s.b.StartupInfoLogger: Started AirportManagementSystemApplication in 4.651 seconds (process running for 5.556)
2024-07-24 11:04:23,889 INFO  [http-nio-8080-exec-1] o.a.j.l.DirectJDKLog: Initializing Spring DispatcherServlet 'dispatcherServlet'
2024-07-24 11:04:23,889 INFO  [http-nio-8080-exec-1] o.s.w.s.FrameworkServlet: Initializing Servlet 'dispatcherServlet'
2024-07-24 11:04:23,890 INFO  [http-nio-8080-exec-1] o.s.w.s.FrameworkServlet: Completed initialization in 1 ms
2024-07-24 11:05:03,297 INFO  [background-preinit] o.h.v.i.util.Version: HV000001: Hibernate Validator 8.0.1.Final
2024-07-24 11:05:03,395 INFO  [main] o.s.b.StartupInfoLogger: Starting AirportManagementSystemApplication using Java 17.0.11 with PID 12480 (C:\Users\CharlesJester\IdeaProjects\airport-management-system\target\classes started by CharlesJester in C:\Users\CharlesJester\IdeaProjects\airport-management-system)
2024-07-24 11:05:03,397 INFO  [main] o.s.b.SpringApplication: No active profile set, falling back to 1 default profile: "default"
2024-07-24 11:05:06,551 INFO  [main] o.s.b.w.e.t.TomcatWebServer: Tomcat initialized with port 8080 (http)
2024-07-24 11:05:06,566 INFO  [main] o.a.j.l.DirectJDKLog: Initializing ProtocolHandler ["http-nio-8080"]
2024-07-24 11:05:06,570 INFO  [main] o.a.j.l.DirectJDKLog: Starting service [Tomcat]
2024-07-24 11:05:06,570 INFO  [main] o.a.j.l.DirectJDKLog: Starting Servlet engine: [Apache Tomcat/10.1.26]
2024-07-24 11:05:06,742 INFO  [main] o.a.j.l.DirectJDKLog: Initializing Spring embedded WebApplicationContext
2024-07-24 11:05:06,743 INFO  [main] o.s.b.w.s.c.ServletWebServerApplicationContext: Root WebApplicationContext: initialization completed in 3250 ms
2024-07-24 11:05:08,150 INFO  [main] o.s.b.a.e.w.EndpointLinksResolver: Exposing 1 endpoint beneath base path '/actuator'
2024-07-24 11:05:08,278 INFO  [main] o.a.j.l.DirectJDKLog: Starting ProtocolHandler ["http-nio-8080"]
2024-07-24 11:05:08,339 INFO  [main] o.s.b.w.e.t.TomcatWebServer: Tomcat started on port 8080 (http) with context path '/'
2024-07-24 11:05:08,374 INFO  [main] o.s.b.StartupInfoLogger: Started AirportManagementSystemApplication in 5.626 seconds (process running for 6.627)
2024-07-24 11:05:11,143 INFO  [http-nio-8080-exec-1] o.a.j.l.DirectJDKLog: Initializing Spring DispatcherServlet 'dispatcherServlet'
2024-07-24 11:05:11,144 INFO  [http-nio-8080-exec-1] o.s.w.s.FrameworkServlet: Initializing Servlet 'dispatcherServlet'
2024-07-24 11:05:11,147 INFO  [http-nio-8080-exec-1] o.s.w.s.FrameworkServlet: Completed initialization in 2 ms
2024-07-24 11:08:47,532 INFO  [background-preinit] o.h.v.i.util.Version: HV000001: Hibernate Validator 8.0.1.Final
2024-07-24 11:08:47,662 INFO  [main] o.s.b.StartupInfoLogger: Starting AirportManagementSystemApplication using Java 17.0.11 with PID 14668 (C:\Users\CharlesJester\IdeaProjects\airport-management-system\target\classes started by CharlesJester in C:\Users\CharlesJester\IdeaProjects\airport-management-system)
2024-07-24 11:08:47,666 INFO  [main] o.s.b.SpringApplication: No active profile set, falling back to 1 default profile: "default"
2024-07-24 11:08:50,644 INFO  [main] o.s.b.w.e.t.TomcatWebServer: Tomcat initialized with port 8080 (http)
2024-07-24 11:08:50,662 INFO  [main] o.a.j.l.DirectJDKLog: Initializing ProtocolHandler ["http-nio-8080"]
2024-07-24 11:08:50,665 INFO  [main] o.a.j.l.DirectJDKLog: Starting service [Tomcat]
2024-07-24 11:08:50,666 INFO  [main] o.a.j.l.DirectJDKLog: Starting Servlet engine: [Apache Tomcat/10.1.26]
2024-07-24 11:08:50,801 INFO  [main] o.a.j.l.DirectJDKLog: Initializing Spring embedded WebApplicationContext
2024-07-24 11:08:50,802 INFO  [main] o.s.b.w.s.c.ServletWebServerApplicationContext: Root WebApplicationContext: initialization completed in 2958 ms
2024-07-24 11:08:52,035 INFO  [main] o.s.b.a.e.w.EndpointLinksResolver: Exposing 1 endpoint beneath base path '/actuator'
2024-07-24 11:08:52,153 INFO  [main] o.a.j.l.DirectJDKLog: Starting ProtocolHandler ["http-nio-8080"]
2024-07-24 11:08:52,240 INFO  [main] o.s.b.w.e.t.TomcatWebServer: Tomcat started on port 8080 (http) with context path '/'
2024-07-24 11:08:52,271 INFO  [main] o.s.b.StartupInfoLogger: Started AirportManagementSystemApplication in 5.256 seconds (process running for 6.326)
2024-07-24 11:08:59,217 INFO  [http-nio-8080-exec-1] o.a.j.l.DirectJDKLog: Initializing Spring DispatcherServlet 'dispatcherServlet'
2024-07-24 11:08:59,217 INFO  [http-nio-8080-exec-1] o.s.w.s.FrameworkServlet: Initializing Servlet 'dispatcherServlet'
2024-07-24 11:08:59,221 INFO  [http-nio-8080-exec-1] o.s.w.s.FrameworkServlet: Completed initialization in 3 ms
2024-07-24 11:13:33,791 INFO  [background-preinit] o.h.v.i.util.Version: HV000001: Hibernate Validator 8.0.1.Final
2024-07-24 11:13:33,904 INFO  [main] o.s.b.StartupInfoLogger: Starting AirportManagementSystemApplication using Java 17.0.11 with PID 17520 (C:\Users\CharlesJester\IdeaProjects\airport-management-system\target\classes started by CharlesJester in C:\Users\CharlesJester\IdeaProjects\airport-management-system)
2024-07-24 11:13:33,907 INFO  [main] o.s.b.SpringApplication: No active profile set, falling back to 1 default profile: "default"
2024-07-24 11:13:36,556 INFO  [main] o.s.b.w.e.t.TomcatWebServer: Tomcat initialized with port 8080 (http)
2024-07-24 11:13:36,569 INFO  [main] o.a.j.l.DirectJDKLog: Initializing ProtocolHandler ["http-nio-8080"]
2024-07-24 11:13:36,572 INFO  [main] o.a.j.l.DirectJDKLog: Starting service [Tomcat]
2024-07-24 11:13:36,573 INFO  [main] o.a.j.l.DirectJDKLog: Starting Servlet engine: [Apache Tomcat/10.1.26]
2024-07-24 11:13:36,704 INFO  [main] o.a.j.l.DirectJDKLog: Initializing Spring embedded WebApplicationContext
2024-07-24 11:13:36,705 INFO  [main] o.s.b.w.s.c.ServletWebServerApplicationContext: Root WebApplicationContext: initialization completed in 2697 ms
2024-07-24 11:13:38,000 INFO  [main] o.s.b.a.e.w.EndpointLinksResolver: Exposing 1 endpoint beneath base path '/actuator'
2024-07-24 11:13:38,118 INFO  [main] o.a.j.l.DirectJDKLog: Starting ProtocolHandler ["http-nio-8080"]
2024-07-24 11:13:38,199 INFO  [main] o.s.b.w.e.t.TomcatWebServer: Tomcat started on port 8080 (http) with context path '/'
2024-07-24 11:13:38,231 INFO  [main] o.s.b.StartupInfoLogger: Started AirportManagementSystemApplication in 4.906 seconds (process running for 5.84)
2024-07-24 11:13:59,114 INFO  [http-nio-8080-exec-2] o.a.j.l.DirectJDKLog: Initializing Spring DispatcherServlet 'dispatcherServlet'
2024-07-24 11:13:59,114 INFO  [http-nio-8080-exec-2] o.s.w.s.FrameworkServlet: Initializing Servlet 'dispatcherServlet'
2024-07-24 11:13:59,116 INFO  [http-nio-8080-exec-2] o.s.w.s.FrameworkServlet: Completed initialization in 0 ms
2024-07-24 11:15:52,623 INFO  [background-preinit] o.h.v.i.util.Version: HV000001: Hibernate Validator 8.0.1.Final
2024-07-24 11:15:52,706 INFO  [main] o.s.b.StartupInfoLogger: Starting AirportManagementSystemApplication using Java 17.0.11 with PID 6028 (C:\Users\CharlesJester\IdeaProjects\airport-management-system\target\classes started by CharlesJester in C:\Users\CharlesJester\IdeaProjects\airport-management-system)
2024-07-24 11:15:52,708 INFO  [main] o.s.b.SpringApplication: No active profile set, falling back to 1 default profile: "default"
2024-07-24 11:15:55,327 INFO  [main] o.s.b.w.e.t.TomcatWebServer: Tomcat initialized with port 8080 (http)
2024-07-24 11:15:55,339 INFO  [main] o.a.j.l.DirectJDKLog: Initializing ProtocolHandler ["http-nio-8080"]
2024-07-24 11:15:55,343 INFO  [main] o.a.j.l.DirectJDKLog: Starting service [Tomcat]
2024-07-24 11:15:55,343 INFO  [main] o.a.j.l.DirectJDKLog: Starting Servlet engine: [Apache Tomcat/10.1.26]
2024-07-24 11:15:55,468 INFO  [main] o.a.j.l.DirectJDKLog: Initializing Spring embedded WebApplicationContext
2024-07-24 11:15:55,469 INFO  [main] o.s.b.w.s.c.ServletWebServerApplicationContext: Root WebApplicationContext: initialization completed in 2685 ms
2024-07-24 11:15:56,813 INFO  [main] o.s.b.a.e.w.EndpointLinksResolver: Exposing 1 endpoint beneath base path '/actuator'
2024-07-24 11:15:56,964 INFO  [main] o.a.j.l.DirectJDKLog: Starting ProtocolHandler ["http-nio-8080"]
2024-07-24 11:15:57,041 INFO  [main] o.s.b.w.e.t.TomcatWebServer: Tomcat started on port 8080 (http) with context path '/'
2024-07-24 11:15:57,064 INFO  [main] o.s.b.StartupInfoLogger: Started AirportManagementSystemApplication in 4.892 seconds (process running for 5.816)
2024-07-24 11:16:25,102 INFO  [http-nio-8080-exec-1] o.a.j.l.DirectJDKLog: Initializing Spring DispatcherServlet 'dispatcherServlet'
2024-07-24 11:16:25,103 INFO  [http-nio-8080-exec-1] o.s.w.s.FrameworkServlet: Initializing Servlet 'dispatcherServlet'
2024-07-24 11:16:25,104 INFO  [http-nio-8080-exec-1] o.s.w.s.FrameworkServlet: Completed initialization in 1 ms
2024-07-24 12:04:30,313 INFO  [background-preinit] o.h.v.i.util.Version: HV000001: Hibernate Validator 8.0.1.Final
2024-07-24 12:04:30,395 INFO  [main] o.s.b.StartupInfoLogger: Starting AirportManagementSystemApplication using Java 17.0.11 with PID 11064 (C:\Users\CharlesJester\IdeaProjects\airport-management-system\target\classes started by CharlesJester in C:\Users\CharlesJester\IdeaProjects\airport-management-system)
2024-07-24 12:04:30,397 INFO  [main] o.s.b.SpringApplication: No active profile set, falling back to 1 default profile: "default"
2024-07-24 12:04:33,108 INFO  [main] o.s.b.w.e.t.TomcatWebServer: Tomcat initialized with port 8080 (http)
2024-07-24 12:04:33,118 INFO  [main] o.a.j.l.DirectJDKLog: Initializing ProtocolHandler ["http-nio-8080"]
2024-07-24 12:04:33,121 INFO  [main] o.a.j.l.DirectJDKLog: Starting service [Tomcat]
2024-07-24 12:04:33,121 INFO  [main] o.a.j.l.DirectJDKLog: Starting Servlet engine: [Apache Tomcat/10.1.26]
2024-07-24 12:04:33,234 INFO  [main] o.a.j.l.DirectJDKLog: Initializing Spring embedded WebApplicationContext
2024-07-24 12:04:33,235 INFO  [main] o.s.b.w.s.c.ServletWebServerApplicationContext: Root WebApplicationContext: initialization completed in 2753 ms
2024-07-24 12:04:34,835 INFO  [main] o.s.b.a.e.w.EndpointLinksResolver: Exposing 1 endpoint beneath base path '/actuator'
2024-07-24 12:04:34,972 INFO  [main] o.a.j.l.DirectJDKLog: Starting ProtocolHandler ["http-nio-8080"]
2024-07-24 12:04:35,027 INFO  [main] o.s.b.w.e.t.TomcatWebServer: Tomcat started on port 8080 (http) with context path '/'
2024-07-24 12:04:35,059 INFO  [main] o.s.b.StartupInfoLogger: Started AirportManagementSystemApplication in 5.232 seconds (process running for 6.272)
2024-07-24 12:04:59,240 INFO  [http-nio-8080-exec-1] o.a.j.l.DirectJDKLog: Initializing Spring DispatcherServlet 'dispatcherServlet'
2024-07-24 12:04:59,241 INFO  [http-nio-8080-exec-1] o.s.w.s.FrameworkServlet: Initializing Servlet 'dispatcherServlet'
2024-07-24 12:04:59,242 INFO  [http-nio-8080-exec-1] o.s.w.s.FrameworkServlet: Completed initialization in 1 ms
2024-07-24 12:05:11,609 ERROR [http-nio-8080-exec-3] o.a.j.l.DirectJDKLog: Servlet.service() for servlet [dispatcherServlet] in context with path [] threw exception [Request processing failed: java.lang.NullPointerException: Name is null] with root cause
java.lang.NullPointerException: Name is null
	at java.base/java.lang.Enum.valueOf(Enum.java:271)
	at com.revature.ams.Member.Member$MemberType.valueOf(Member.java:14)
	at com.revature.ams.Member.Member.setType(Member.java:66)
	at com.revature.ams.Member.MemberRepository.findById(MemberRepository.java:115)
	at com.revature.ams.Member.MemberService.findById(MemberService.java:26)
	at com.revature.ams.Member.MemberController.getMemberById(MemberController.java:28)
	at java.base/jdk.internal.reflect.NativeMethodAccessorImpl.invoke0(Native Method)
	at java.base/jdk.internal.reflect.NativeMethodAccessorImpl.invoke(NativeMethodAccessorImpl.java:77)
	at java.base/jdk.internal.reflect.DelegatingMethodAccessorImpl.invoke(DelegatingMethodAccessorImpl.java:43)
	at java.base/java.lang.reflect.Method.invoke(Method.java:568)
	at org.springframework.web.method.support.InvocableHandlerMethod.doInvoke(InvocableHandlerMethod.java:255)
	at org.springframework.web.method.support.InvocableHandlerMethod.invokeForRequest(InvocableHandlerMethod.java:188)
	at org.springframework.web.servlet.mvc.method.annotation.ServletInvocableHandlerMethod.invokeAndHandle(ServletInvocableHandlerMethod.java:118)
	at org.springframework.web.servlet.mvc.method.annotation.RequestMappingHandlerAdapter.invokeHandlerMethod(RequestMappingHandlerAdapter.java:926)
	at org.springframework.web.servlet.mvc.method.annotation.RequestMappingHandlerAdapter.handleInternal(RequestMappingHandlerAdapter.java:831)
	at org.springframework.web.servlet.mvc.method.AbstractHandlerMethodAdapter.handle(AbstractHandlerMethodAdapter.java:87)
	at org.springframework.web.servlet.DispatcherServlet.doDispatch(DispatcherServlet.java:1089)
	at org.springframework.web.servlet.DispatcherServlet.doService(DispatcherServlet.java:979)
	at org.springframework.web.servlet.FrameworkServlet.processRequest(FrameworkServlet.java:1014)
	at org.springframework.web.servlet.FrameworkServlet.doGet(FrameworkServlet.java:903)
	at jakarta.servlet.http.HttpServlet.service(HttpServlet.java:564)
	at org.springframework.web.servlet.FrameworkServlet.service(FrameworkServlet.java:885)
	at jakarta.servlet.http.HttpServlet.service(HttpServlet.java:658)
	at org.apache.catalina.core.ApplicationFilterChain.internalDoFilter(ApplicationFilterChain.java:195)
	at org.apache.catalina.core.ApplicationFilterChain.doFilter(ApplicationFilterChain.java:140)
	at org.apache.tomcat.websocket.server.WsFilter.doFilter(WsFilter.java:51)
	at org.apache.catalina.core.ApplicationFilterChain.internalDoFilter(ApplicationFilterChain.java:164)
	at org.apache.catalina.core.ApplicationFilterChain.doFilter(ApplicationFilterChain.java:140)
	at org.springframework.web.filter.RequestContextFilter.doFilterInternal(RequestContextFilter.java:100)
	at org.springframework.web.filter.OncePerRequestFilter.doFilter(OncePerRequestFilter.java:116)
	at org.apache.catalina.core.ApplicationFilterChain.internalDoFilter(ApplicationFilterChain.java:164)
	at org.apache.catalina.core.ApplicationFilterChain.doFilter(ApplicationFilterChain.java:140)
	at org.springframework.web.filter.FormContentFilter.doFilterInternal(FormContentFilter.java:93)
	at org.springframework.web.filter.OncePerRequestFilter.doFilter(OncePerRequestFilter.java:116)
	at org.apache.catalina.core.ApplicationFilterChain.internalDoFilter(ApplicationFilterChain.java:164)
	at org.apache.catalina.core.ApplicationFilterChain.doFilter(ApplicationFilterChain.java:140)
	at org.springframework.web.filter.ServerHttpObservationFilter.doFilterInternal(ServerHttpObservationFilter.java:113)
	at org.springframework.web.filter.OncePerRequestFilter.doFilter(OncePerRequestFilter.java:116)
	at org.apache.catalina.core.ApplicationFilterChain.internalDoFilter(ApplicationFilterChain.java:164)
	at org.apache.catalina.core.ApplicationFilterChain.doFilter(ApplicationFilterChain.java:140)
	at org.springframework.web.filter.CharacterEncodingFilter.doFilterInternal(CharacterEncodingFilter.java:201)
	at org.springframework.web.filter.OncePerRequestFilter.doFilter(OncePerRequestFilter.java:116)
	at org.apache.catalina.core.ApplicationFilterChain.internalDoFilter(ApplicationFilterChain.java:164)
	at org.apache.catalina.core.ApplicationFilterChain.doFilter(ApplicationFilterChain.java:140)
	at org.apache.catalina.core.StandardWrapperValve.invoke(StandardWrapperValve.java:167)
	at org.apache.catalina.core.StandardContextValve.invoke(StandardContextValve.java:90)
	at org.apache.catalina.authenticator.AuthenticatorBase.invoke(AuthenticatorBase.java:483)
	at org.apache.catalina.core.StandardHostValve.invoke(StandardHostValve.java:115)
	at org.apache.catalina.valves.ErrorReportValve.invoke(ErrorReportValve.java:93)
	at org.apache.catalina.core.StandardEngineValve.invoke(StandardEngineValve.java:74)
	at org.apache.catalina.connector.CoyoteAdapter.service(CoyoteAdapter.java:344)
	at org.apache.coyote.http11.Http11Processor.service(Http11Processor.java:389)
	at org.apache.coyote.AbstractProcessorLight.process(AbstractProcessorLight.java:63)
	at org.apache.coyote.AbstractProtocol$ConnectionHandler.process(AbstractProtocol.java:904)
	at org.apache.tomcat.util.net.NioEndpoint$SocketProcessor.doRun(NioEndpoint.java:1741)
	at org.apache.tomcat.util.net.SocketProcessorBase.run(SocketProcessorBase.java:52)
	at org.apache.tomcat.util.threads.ThreadPoolExecutor.runWorker(ThreadPoolExecutor.java:1190)
	at org.apache.tomcat.util.threads.ThreadPoolExecutor$Worker.run(ThreadPoolExecutor.java:659)
	at org.apache.tomcat.util.threads.TaskThread$WrappingRunnable.run(TaskThread.java:63)
	at java.base/java.lang.Thread.run(Thread.java:840)
2024-07-24 12:06:43,182 ERROR [http-nio-8080-exec-6] o.a.j.l.DirectJDKLog: Servlet.service() for servlet [dispatcherServlet] in context with path [] threw exception [Request processing failed: java.lang.NullPointerException: Name is null] with root cause
java.lang.NullPointerException: Name is null
	at java.base/java.lang.Enum.valueOf(Enum.java:271)
	at com.revature.ams.Member.Member$MemberType.valueOf(Member.java:14)
	at com.revature.ams.Member.Member.setType(Member.java:66)
	at com.revature.ams.Member.MemberRepository.findById(MemberRepository.java:115)
	at com.revature.ams.Member.MemberService.findById(MemberService.java:26)
	at com.revature.ams.Member.MemberController.getMemberById(MemberController.java:28)
	at java.base/jdk.internal.reflect.NativeMethodAccessorImpl.invoke0(Native Method)
	at java.base/jdk.internal.reflect.NativeMethodAccessorImpl.invoke(NativeMethodAccessorImpl.java:77)
	at java.base/jdk.internal.reflect.DelegatingMethodAccessorImpl.invoke(DelegatingMethodAccessorImpl.java:43)
	at java.base/java.lang.reflect.Method.invoke(Method.java:568)
	at org.springframework.web.method.support.InvocableHandlerMethod.doInvoke(InvocableHandlerMethod.java:255)
	at org.springframework.web.method.support.InvocableHandlerMethod.invokeForRequest(InvocableHandlerMethod.java:188)
	at org.springframework.web.servlet.mvc.method.annotation.ServletInvocableHandlerMethod.invokeAndHandle(ServletInvocableHandlerMethod.java:118)
	at org.springframework.web.servlet.mvc.method.annotation.RequestMappingHandlerAdapter.invokeHandlerMethod(RequestMappingHandlerAdapter.java:926)
	at org.springframework.web.servlet.mvc.method.annotation.RequestMappingHandlerAdapter.handleInternal(RequestMappingHandlerAdapter.java:831)
	at org.springframework.web.servlet.mvc.method.AbstractHandlerMethodAdapter.handle(AbstractHandlerMethodAdapter.java:87)
	at org.springframework.web.servlet.DispatcherServlet.doDispatch(DispatcherServlet.java:1089)
	at org.springframework.web.servlet.DispatcherServlet.doService(DispatcherServlet.java:979)
	at org.springframework.web.servlet.FrameworkServlet.processRequest(FrameworkServlet.java:1014)
	at org.springframework.web.servlet.FrameworkServlet.doGet(FrameworkServlet.java:903)
	at jakarta.servlet.http.HttpServlet.service(HttpServlet.java:564)
	at org.springframework.web.servlet.FrameworkServlet.service(FrameworkServlet.java:885)
	at jakarta.servlet.http.HttpServlet.service(HttpServlet.java:658)
	at org.apache.catalina.core.ApplicationFilterChain.internalDoFilter(ApplicationFilterChain.java:195)
	at org.apache.catalina.core.ApplicationFilterChain.doFilter(ApplicationFilterChain.java:140)
	at org.apache.tomcat.websocket.server.WsFilter.doFilter(WsFilter.java:51)
	at org.apache.catalina.core.ApplicationFilterChain.internalDoFilter(ApplicationFilterChain.java:164)
	at org.apache.catalina.core.ApplicationFilterChain.doFilter(ApplicationFilterChain.java:140)
	at org.springframework.web.filter.RequestContextFilter.doFilterInternal(RequestContextFilter.java:100)
	at org.springframework.web.filter.OncePerRequestFilter.doFilter(OncePerRequestFilter.java:116)
	at org.apache.catalina.core.ApplicationFilterChain.internalDoFilter(ApplicationFilterChain.java:164)
	at org.apache.catalina.core.ApplicationFilterChain.doFilter(ApplicationFilterChain.java:140)
	at org.springframework.web.filter.FormContentFilter.doFilterInternal(FormContentFilter.java:93)
	at org.springframework.web.filter.OncePerRequestFilter.doFilter(OncePerRequestFilter.java:116)
	at org.apache.catalina.core.ApplicationFilterChain.internalDoFilter(ApplicationFilterChain.java:164)
	at org.apache.catalina.core.ApplicationFilterChain.doFilter(ApplicationFilterChain.java:140)
	at org.springframework.web.filter.ServerHttpObservationFilter.doFilterInternal(ServerHttpObservationFilter.java:113)
	at org.springframework.web.filter.OncePerRequestFilter.doFilter(OncePerRequestFilter.java:116)
	at org.apache.catalina.core.ApplicationFilterChain.internalDoFilter(ApplicationFilterChain.java:164)
	at org.apache.catalina.core.ApplicationFilterChain.doFilter(ApplicationFilterChain.java:140)
	at org.springframework.web.filter.CharacterEncodingFilter.doFilterInternal(CharacterEncodingFilter.java:201)
	at org.springframework.web.filter.OncePerRequestFilter.doFilter(OncePerRequestFilter.java:116)
	at org.apache.catalina.core.ApplicationFilterChain.internalDoFilter(ApplicationFilterChain.java:164)
	at org.apache.catalina.core.ApplicationFilterChain.doFilter(ApplicationFilterChain.java:140)
	at org.apache.catalina.core.StandardWrapperValve.invoke(StandardWrapperValve.java:167)
	at org.apache.catalina.core.StandardContextValve.invoke(StandardContextValve.java:90)
	at org.apache.catalina.authenticator.AuthenticatorBase.invoke(AuthenticatorBase.java:483)
	at org.apache.catalina.core.StandardHostValve.invoke(StandardHostValve.java:115)
	at org.apache.catalina.valves.ErrorReportValve.invoke(ErrorReportValve.java:93)
	at org.apache.catalina.core.StandardEngineValve.invoke(StandardEngineValve.java:74)
	at org.apache.catalina.connector.CoyoteAdapter.service(CoyoteAdapter.java:344)
	at org.apache.coyote.http11.Http11Processor.service(Http11Processor.java:389)
	at org.apache.coyote.AbstractProcessorLight.process(AbstractProcessorLight.java:63)
	at org.apache.coyote.AbstractProtocol$ConnectionHandler.process(AbstractProtocol.java:904)
	at org.apache.tomcat.util.net.NioEndpoint$SocketProcessor.doRun(NioEndpoint.java:1741)
	at org.apache.tomcat.util.net.SocketProcessorBase.run(SocketProcessorBase.java:52)
	at org.apache.tomcat.util.threads.ThreadPoolExecutor.runWorker(ThreadPoolExecutor.java:1190)
	at org.apache.tomcat.util.threads.ThreadPoolExecutor$Worker.run(ThreadPoolExecutor.java:659)
	at org.apache.tomcat.util.threads.TaskThread$WrappingRunnable.run(TaskThread.java:63)
	at java.base/java.lang.Thread.run(Thread.java:840)
2024-07-24 12:07:13,988 ERROR [http-nio-8080-exec-9] o.a.j.l.DirectJDKLog: Servlet.service() for servlet [dispatcherServlet] in context with path [] threw exception [Request processing failed: java.lang.NullPointerException: Name is null] with root cause
java.lang.NullPointerException: Name is null
	at java.base/java.lang.Enum.valueOf(Enum.java:271)
	at com.revature.ams.Member.Member$MemberType.valueOf(Member.java:14)
	at com.revature.ams.Member.Member.setType(Member.java:66)
	at com.revature.ams.Member.MemberRepository.findById(MemberRepository.java:115)
	at com.revature.ams.Member.MemberService.findById(MemberService.java:26)
	at com.revature.ams.Member.MemberController.getMemberById(MemberController.java:28)
	at java.base/jdk.internal.reflect.NativeMethodAccessorImpl.invoke0(Native Method)
	at java.base/jdk.internal.reflect.NativeMethodAccessorImpl.invoke(NativeMethodAccessorImpl.java:77)
	at java.base/jdk.internal.reflect.DelegatingMethodAccessorImpl.invoke(DelegatingMethodAccessorImpl.java:43)
	at java.base/java.lang.reflect.Method.invoke(Method.java:568)
	at org.springframework.web.method.support.InvocableHandlerMethod.doInvoke(InvocableHandlerMethod.java:255)
	at org.springframework.web.method.support.InvocableHandlerMethod.invokeForRequest(InvocableHandlerMethod.java:188)
	at org.springframework.web.servlet.mvc.method.annotation.ServletInvocableHandlerMethod.invokeAndHandle(ServletInvocableHandlerMethod.java:118)
	at org.springframework.web.servlet.mvc.method.annotation.RequestMappingHandlerAdapter.invokeHandlerMethod(RequestMappingHandlerAdapter.java:926)
	at org.springframework.web.servlet.mvc.method.annotation.RequestMappingHandlerAdapter.handleInternal(RequestMappingHandlerAdapter.java:831)
	at org.springframework.web.servlet.mvc.method.AbstractHandlerMethodAdapter.handle(AbstractHandlerMethodAdapter.java:87)
	at org.springframework.web.servlet.DispatcherServlet.doDispatch(DispatcherServlet.java:1089)
	at org.springframework.web.servlet.DispatcherServlet.doService(DispatcherServlet.java:979)
	at org.springframework.web.servlet.FrameworkServlet.processRequest(FrameworkServlet.java:1014)
	at org.springframework.web.servlet.FrameworkServlet.doGet(FrameworkServlet.java:903)
	at jakarta.servlet.http.HttpServlet.service(HttpServlet.java:564)
	at org.springframework.web.servlet.FrameworkServlet.service(FrameworkServlet.java:885)
	at jakarta.servlet.http.HttpServlet.service(HttpServlet.java:658)
	at org.apache.catalina.core.ApplicationFilterChain.internalDoFilter(ApplicationFilterChain.java:195)
	at org.apache.catalina.core.ApplicationFilterChain.doFilter(ApplicationFilterChain.java:140)
	at org.apache.tomcat.websocket.server.WsFilter.doFilter(WsFilter.java:51)
	at org.apache.catalina.core.ApplicationFilterChain.internalDoFilter(ApplicationFilterChain.java:164)
	at org.apache.catalina.core.ApplicationFilterChain.doFilter(ApplicationFilterChain.java:140)
	at org.springframework.web.filter.RequestContextFilter.doFilterInternal(RequestContextFilter.java:100)
	at org.springframework.web.filter.OncePerRequestFilter.doFilter(OncePerRequestFilter.java:116)
	at org.apache.catalina.core.ApplicationFilterChain.internalDoFilter(ApplicationFilterChain.java:164)
	at org.apache.catalina.core.ApplicationFilterChain.doFilter(ApplicationFilterChain.java:140)
	at org.springframework.web.filter.FormContentFilter.doFilterInternal(FormContentFilter.java:93)
	at org.springframework.web.filter.OncePerRequestFilter.doFilter(OncePerRequestFilter.java:116)
	at org.apache.catalina.core.ApplicationFilterChain.internalDoFilter(ApplicationFilterChain.java:164)
	at org.apache.catalina.core.ApplicationFilterChain.doFilter(ApplicationFilterChain.java:140)
	at org.springframework.web.filter.ServerHttpObservationFilter.doFilterInternal(ServerHttpObservationFilter.java:113)
	at org.springframework.web.filter.OncePerRequestFilter.doFilter(OncePerRequestFilter.java:116)
	at org.apache.catalina.core.ApplicationFilterChain.internalDoFilter(ApplicationFilterChain.java:164)
	at org.apache.catalina.core.ApplicationFilterChain.doFilter(ApplicationFilterChain.java:140)
	at org.springframework.web.filter.CharacterEncodingFilter.doFilterInternal(CharacterEncodingFilter.java:201)
	at org.springframework.web.filter.OncePerRequestFilter.doFilter(OncePerRequestFilter.java:116)
	at org.apache.catalina.core.ApplicationFilterChain.internalDoFilter(ApplicationFilterChain.java:164)
	at org.apache.catalina.core.ApplicationFilterChain.doFilter(ApplicationFilterChain.java:140)
	at org.apache.catalina.core.StandardWrapperValve.invoke(StandardWrapperValve.java:167)
	at org.apache.catalina.core.StandardContextValve.invoke(StandardContextValve.java:90)
	at org.apache.catalina.authenticator.AuthenticatorBase.invoke(AuthenticatorBase.java:483)
	at org.apache.catalina.core.StandardHostValve.invoke(StandardHostValve.java:115)
	at org.apache.catalina.valves.ErrorReportValve.invoke(ErrorReportValve.java:93)
	at org.apache.catalina.core.StandardEngineValve.invoke(StandardEngineValve.java:74)
	at org.apache.catalina.connector.CoyoteAdapter.service(CoyoteAdapter.java:344)
	at org.apache.coyote.http11.Http11Processor.service(Http11Processor.java:389)
	at org.apache.coyote.AbstractProcessorLight.process(AbstractProcessorLight.java:63)
	at org.apache.coyote.AbstractProtocol$ConnectionHandler.process(AbstractProtocol.java:904)
	at org.apache.tomcat.util.net.NioEndpoint$SocketProcessor.doRun(NioEndpoint.java:1741)
	at org.apache.tomcat.util.net.SocketProcessorBase.run(SocketProcessorBase.java:52)
	at org.apache.tomcat.util.threads.ThreadPoolExecutor.runWorker(ThreadPoolExecutor.java:1190)
	at org.apache.tomcat.util.threads.ThreadPoolExecutor$Worker.run(ThreadPoolExecutor.java:659)
	at org.apache.tomcat.util.threads.TaskThread$WrappingRunnable.run(TaskThread.java:63)
	at java.base/java.lang.Thread.run(Thread.java:840)
2024-07-24 12:07:19,690 ERROR [http-nio-8080-exec-2] o.a.j.l.DirectJDKLog: Servlet.service() for servlet [dispatcherServlet] in context with path [] threw exception [Request processing failed: java.lang.NullPointerException: Name is null] with root cause
java.lang.NullPointerException: Name is null
	at java.base/java.lang.Enum.valueOf(Enum.java:271)
	at com.revature.ams.Member.Member$MemberType.valueOf(Member.java:14)
	at com.revature.ams.Member.Member.setType(Member.java:66)
	at com.revature.ams.Member.MemberRepository.findById(MemberRepository.java:115)
	at com.revature.ams.Member.MemberService.findById(MemberService.java:26)
	at com.revature.ams.Member.MemberController.getMemberById(MemberController.java:28)
	at java.base/jdk.internal.reflect.NativeMethodAccessorImpl.invoke0(Native Method)
	at java.base/jdk.internal.reflect.NativeMethodAccessorImpl.invoke(NativeMethodAccessorImpl.java:77)
	at java.base/jdk.internal.reflect.DelegatingMethodAccessorImpl.invoke(DelegatingMethodAccessorImpl.java:43)
	at java.base/java.lang.reflect.Method.invoke(Method.java:568)
	at org.springframework.web.method.support.InvocableHandlerMethod.doInvoke(InvocableHandlerMethod.java:255)
	at org.springframework.web.method.support.InvocableHandlerMethod.invokeForRequest(InvocableHandlerMethod.java:188)
	at org.springframework.web.servlet.mvc.method.annotation.ServletInvocableHandlerMethod.invokeAndHandle(ServletInvocableHandlerMethod.java:118)
	at org.springframework.web.servlet.mvc.method.annotation.RequestMappingHandlerAdapter.invokeHandlerMethod(RequestMappingHandlerAdapter.java:926)
	at org.springframework.web.servlet.mvc.method.annotation.RequestMappingHandlerAdapter.handleInternal(RequestMappingHandlerAdapter.java:831)
	at org.springframework.web.servlet.mvc.method.AbstractHandlerMethodAdapter.handle(AbstractHandlerMethodAdapter.java:87)
	at org.springframework.web.servlet.DispatcherServlet.doDispatch(DispatcherServlet.java:1089)
	at org.springframework.web.servlet.DispatcherServlet.doService(DispatcherServlet.java:979)
	at org.springframework.web.servlet.FrameworkServlet.processRequest(FrameworkServlet.java:1014)
	at org.springframework.web.servlet.FrameworkServlet.doGet(FrameworkServlet.java:903)
	at jakarta.servlet.http.HttpServlet.service(HttpServlet.java:564)
	at org.springframework.web.servlet.FrameworkServlet.service(FrameworkServlet.java:885)
	at jakarta.servlet.http.HttpServlet.service(HttpServlet.java:658)
	at org.apache.catalina.core.ApplicationFilterChain.internalDoFilter(ApplicationFilterChain.java:195)
	at org.apache.catalina.core.ApplicationFilterChain.doFilter(ApplicationFilterChain.java:140)
	at org.apache.tomcat.websocket.server.WsFilter.doFilter(WsFilter.java:51)
	at org.apache.catalina.core.ApplicationFilterChain.internalDoFilter(ApplicationFilterChain.java:164)
	at org.apache.catalina.core.ApplicationFilterChain.doFilter(ApplicationFilterChain.java:140)
	at org.springframework.web.filter.RequestContextFilter.doFilterInternal(RequestContextFilter.java:100)
	at org.springframework.web.filter.OncePerRequestFilter.doFilter(OncePerRequestFilter.java:116)
	at org.apache.catalina.core.ApplicationFilterChain.internalDoFilter(ApplicationFilterChain.java:164)
	at org.apache.catalina.core.ApplicationFilterChain.doFilter(ApplicationFilterChain.java:140)
	at org.springframework.web.filter.FormContentFilter.doFilterInternal(FormContentFilter.java:93)
	at org.springframework.web.filter.OncePerRequestFilter.doFilter(OncePerRequestFilter.java:116)
	at org.apache.catalina.core.ApplicationFilterChain.internalDoFilter(ApplicationFilterChain.java:164)
	at org.apache.catalina.core.ApplicationFilterChain.doFilter(ApplicationFilterChain.java:140)
	at org.springframework.web.filter.ServerHttpObservationFilter.doFilterInternal(ServerHttpObservationFilter.java:113)
	at org.springframework.web.filter.OncePerRequestFilter.doFilter(OncePerRequestFilter.java:116)
	at org.apache.catalina.core.ApplicationFilterChain.internalDoFilter(ApplicationFilterChain.java:164)
	at org.apache.catalina.core.ApplicationFilterChain.doFilter(ApplicationFilterChain.java:140)
	at org.springframework.web.filter.CharacterEncodingFilter.doFilterInternal(CharacterEncodingFilter.java:201)
	at org.springframework.web.filter.OncePerRequestFilter.doFilter(OncePerRequestFilter.java:116)
	at org.apache.catalina.core.ApplicationFilterChain.internalDoFilter(ApplicationFilterChain.java:164)
	at org.apache.catalina.core.ApplicationFilterChain.doFilter(ApplicationFilterChain.java:140)
	at org.apache.catalina.core.StandardWrapperValve.invoke(StandardWrapperValve.java:167)
	at org.apache.catalina.core.StandardContextValve.invoke(StandardContextValve.java:90)
	at org.apache.catalina.authenticator.AuthenticatorBase.invoke(AuthenticatorBase.java:483)
	at org.apache.catalina.core.StandardHostValve.invoke(StandardHostValve.java:115)
	at org.apache.catalina.valves.ErrorReportValve.invoke(ErrorReportValve.java:93)
	at org.apache.catalina.core.StandardEngineValve.invoke(StandardEngineValve.java:74)
	at org.apache.catalina.connector.CoyoteAdapter.service(CoyoteAdapter.java:344)
	at org.apache.coyote.http11.Http11Processor.service(Http11Processor.java:389)
	at org.apache.coyote.AbstractProcessorLight.process(AbstractProcessorLight.java:63)
	at org.apache.coyote.AbstractProtocol$ConnectionHandler.process(AbstractProtocol.java:904)
	at org.apache.tomcat.util.net.NioEndpoint$SocketProcessor.doRun(NioEndpoint.java:1741)
	at org.apache.tomcat.util.net.SocketProcessorBase.run(SocketProcessorBase.java:52)
	at org.apache.tomcat.util.threads.ThreadPoolExecutor.runWorker(ThreadPoolExecutor.java:1190)
	at org.apache.tomcat.util.threads.ThreadPoolExecutor$Worker.run(ThreadPoolExecutor.java:659)
	at org.apache.tomcat.util.threads.TaskThread$WrappingRunnable.run(TaskThread.java:63)
	at java.base/java.lang.Thread.run(Thread.java:840)
2024-07-24 12:11:50,237 INFO  [background-preinit] o.h.v.i.util.Version: HV000001: Hibernate Validator 8.0.1.Final
2024-07-24 12:11:50,335 INFO  [main] o.s.b.StartupInfoLogger: Starting AirportManagementSystemApplication using Java 17.0.11 with PID 27968 (C:\Users\CharlesJester\IdeaProjects\airport-management-system\target\classes started by CharlesJester in C:\Users\CharlesJester\IdeaProjects\airport-management-system)
2024-07-24 12:11:50,337 INFO  [main] o.s.b.SpringApplication: No active profile set, falling back to 1 default profile: "default"
2024-07-24 12:11:53,058 INFO  [main] o.s.b.w.e.t.TomcatWebServer: Tomcat initialized with port 8080 (http)
2024-07-24 12:11:53,073 INFO  [main] o.a.j.l.DirectJDKLog: Initializing ProtocolHandler ["http-nio-8080"]
2024-07-24 12:11:53,077 INFO  [main] o.a.j.l.DirectJDKLog: Starting service [Tomcat]
2024-07-24 12:11:53,077 INFO  [main] o.a.j.l.DirectJDKLog: Starting Servlet engine: [Apache Tomcat/10.1.26]
2024-07-24 12:11:53,215 INFO  [main] o.a.j.l.DirectJDKLog: Initializing Spring embedded WebApplicationContext
2024-07-24 12:11:53,216 INFO  [main] o.s.b.w.s.c.ServletWebServerApplicationContext: Root WebApplicationContext: initialization completed in 2776 ms
2024-07-24 12:11:54,513 INFO  [main] o.s.b.a.e.w.EndpointLinksResolver: Exposing 1 endpoint beneath base path '/actuator'
2024-07-24 12:11:54,639 INFO  [main] o.a.j.l.DirectJDKLog: Starting ProtocolHandler ["http-nio-8080"]
2024-07-24 12:11:54,702 INFO  [main] o.s.b.w.e.t.TomcatWebServer: Tomcat started on port 8080 (http) with context path '/'
2024-07-24 12:11:54,731 INFO  [main] o.s.b.StartupInfoLogger: Started AirportManagementSystemApplication in 4.995 seconds (process running for 6.008)
2024-07-24 12:12:08,793 INFO  [http-nio-8080-exec-1] o.a.j.l.DirectJDKLog: Initializing Spring DispatcherServlet 'dispatcherServlet'
2024-07-24 12:12:08,795 INFO  [http-nio-8080-exec-1] o.s.w.s.FrameworkServlet: Initializing Servlet 'dispatcherServlet'
2024-07-24 12:12:08,799 INFO  [http-nio-8080-exec-1] o.s.w.s.FrameworkServlet: Completed initialization in 3 ms
2024-07-24 12:13:13,388 INFO  [background-preinit] o.h.v.i.util.Version: HV000001: Hibernate Validator 8.0.1.Final
2024-07-24 12:13:13,494 INFO  [main] o.s.b.StartupInfoLogger: Starting AirportManagementSystemApplication using Java 17.0.11 with PID 9404 (C:\Users\CharlesJester\IdeaProjects\airport-management-system\target\classes started by CharlesJester in C:\Users\CharlesJester\IdeaProjects\airport-management-system)
2024-07-24 12:13:13,498 INFO  [main] o.s.b.SpringApplication: No active profile set, falling back to 1 default profile: "default"
2024-07-24 12:13:16,548 INFO  [main] o.s.b.w.e.t.TomcatWebServer: Tomcat initialized with port 8080 (http)
2024-07-24 12:13:16,562 INFO  [main] o.a.j.l.DirectJDKLog: Initializing ProtocolHandler ["http-nio-8080"]
2024-07-24 12:13:16,565 INFO  [main] o.a.j.l.DirectJDKLog: Starting service [Tomcat]
2024-07-24 12:13:16,565 INFO  [main] o.a.j.l.DirectJDKLog: Starting Servlet engine: [Apache Tomcat/10.1.26]
2024-07-24 12:13:16,714 INFO  [main] o.a.j.l.DirectJDKLog: Initializing Spring embedded WebApplicationContext
2024-07-24 12:13:16,715 INFO  [main] o.s.b.w.s.c.ServletWebServerApplicationContext: Root WebApplicationContext: initialization completed in 3103 ms
2024-07-24 12:13:18,007 INFO  [main] o.s.b.a.e.w.EndpointLinksResolver: Exposing 1 endpoint beneath base path '/actuator'
2024-07-24 12:13:18,131 INFO  [main] o.a.j.l.DirectJDKLog: Starting ProtocolHandler ["http-nio-8080"]
2024-07-24 12:13:18,200 INFO  [main] o.s.b.w.e.t.TomcatWebServer: Tomcat started on port 8080 (http) with context path '/'
2024-07-24 12:13:18,241 INFO  [main] o.s.b.StartupInfoLogger: Started AirportManagementSystemApplication in 5.327 seconds (process running for 6.284)
2024-07-24 12:13:24,480 INFO  [http-nio-8080-exec-1] o.a.j.l.DirectJDKLog: Initializing Spring DispatcherServlet 'dispatcherServlet'
2024-07-24 12:13:24,482 INFO  [http-nio-8080-exec-1] o.s.w.s.FrameworkServlet: Initializing Servlet 'dispatcherServlet'
2024-07-24 12:13:24,485 INFO  [http-nio-8080-exec-1] o.s.w.s.FrameworkServlet: Completed initialization in 1 ms
2024-07-24 12:15:05,502 ERROR [http-nio-8080-exec-7] o.a.j.l.DirectJDKLog: Servlet.service() for servlet [dispatcherServlet] in context with path [] threw exception [Request processing failed: com.revature.ams.util.exceptions.DataNotFoundException: No member with that info found] with root cause
com.revature.ams.util.exceptions.DataNotFoundException: No member with that info found
	at com.revature.ams.Member.MemberRepository.findById(MemberRepository.java:106)
	at com.revature.ams.Member.MemberService.findById(MemberService.java:26)
	at com.revature.ams.Member.MemberController.getMemberById(MemberController.java:28)
	at java.base/jdk.internal.reflect.NativeMethodAccessorImpl.invoke0(Native Method)
	at java.base/jdk.internal.reflect.NativeMethodAccessorImpl.invoke(NativeMethodAccessorImpl.java:77)
	at java.base/jdk.internal.reflect.DelegatingMethodAccessorImpl.invoke(DelegatingMethodAccessorImpl.java:43)
	at java.base/java.lang.reflect.Method.invoke(Method.java:568)
	at org.springframework.web.method.support.InvocableHandlerMethod.doInvoke(InvocableHandlerMethod.java:255)
	at org.springframework.web.method.support.InvocableHandlerMethod.invokeForRequest(InvocableHandlerMethod.java:188)
	at org.springframework.web.servlet.mvc.method.annotation.ServletInvocableHandlerMethod.invokeAndHandle(ServletInvocableHandlerMethod.java:118)
	at org.springframework.web.servlet.mvc.method.annotation.RequestMappingHandlerAdapter.invokeHandlerMethod(RequestMappingHandlerAdapter.java:926)
	at org.springframework.web.servlet.mvc.method.annotation.RequestMappingHandlerAdapter.handleInternal(RequestMappingHandlerAdapter.java:831)
	at org.springframework.web.servlet.mvc.method.AbstractHandlerMethodAdapter.handle(AbstractHandlerMethodAdapter.java:87)
	at org.springframework.web.servlet.DispatcherServlet.doDispatch(DispatcherServlet.java:1089)
	at org.springframework.web.servlet.DispatcherServlet.doService(DispatcherServlet.java:979)
	at org.springframework.web.servlet.FrameworkServlet.processRequest(FrameworkServlet.java:1014)
	at org.springframework.web.servlet.FrameworkServlet.doGet(FrameworkServlet.java:903)
	at jakarta.servlet.http.HttpServlet.service(HttpServlet.java:564)
	at org.springframework.web.servlet.FrameworkServlet.service(FrameworkServlet.java:885)
	at jakarta.servlet.http.HttpServlet.service(HttpServlet.java:658)
	at org.apache.catalina.core.ApplicationFilterChain.internalDoFilter(ApplicationFilterChain.java:195)
	at org.apache.catalina.core.ApplicationFilterChain.doFilter(ApplicationFilterChain.java:140)
	at org.apache.tomcat.websocket.server.WsFilter.doFilter(WsFilter.java:51)
	at org.apache.catalina.core.ApplicationFilterChain.internalDoFilter(ApplicationFilterChain.java:164)
	at org.apache.catalina.core.ApplicationFilterChain.doFilter(ApplicationFilterChain.java:140)
	at org.springframework.web.filter.RequestContextFilter.doFilterInternal(RequestContextFilter.java:100)
	at org.springframework.web.filter.OncePerRequestFilter.doFilter(OncePerRequestFilter.java:116)
	at org.apache.catalina.core.ApplicationFilterChain.internalDoFilter(ApplicationFilterChain.java:164)
	at org.apache.catalina.core.ApplicationFilterChain.doFilter(ApplicationFilterChain.java:140)
	at org.springframework.web.filter.FormContentFilter.doFilterInternal(FormContentFilter.java:93)
	at org.springframework.web.filter.OncePerRequestFilter.doFilter(OncePerRequestFilter.java:116)
	at org.apache.catalina.core.ApplicationFilterChain.internalDoFilter(ApplicationFilterChain.java:164)
	at org.apache.catalina.core.ApplicationFilterChain.doFilter(ApplicationFilterChain.java:140)
	at org.springframework.web.filter.ServerHttpObservationFilter.doFilterInternal(ServerHttpObservationFilter.java:113)
	at org.springframework.web.filter.OncePerRequestFilter.doFilter(OncePerRequestFilter.java:116)
	at org.apache.catalina.core.ApplicationFilterChain.internalDoFilter(ApplicationFilterChain.java:164)
	at org.apache.catalina.core.ApplicationFilterChain.doFilter(ApplicationFilterChain.java:140)
	at org.springframework.web.filter.CharacterEncodingFilter.doFilterInternal(CharacterEncodingFilter.java:201)
	at org.springframework.web.filter.OncePerRequestFilter.doFilter(OncePerRequestFilter.java:116)
	at org.apache.catalina.core.ApplicationFilterChain.internalDoFilter(ApplicationFilterChain.java:164)
	at org.apache.catalina.core.ApplicationFilterChain.doFilter(ApplicationFilterChain.java:140)
	at org.apache.catalina.core.StandardWrapperValve.invoke(StandardWrapperValve.java:167)
	at org.apache.catalina.core.StandardContextValve.invoke(StandardContextValve.java:90)
	at org.apache.catalina.authenticator.AuthenticatorBase.invoke(AuthenticatorBase.java:483)
	at org.apache.catalina.core.StandardHostValve.invoke(StandardHostValve.java:115)
	at org.apache.catalina.valves.ErrorReportValve.invoke(ErrorReportValve.java:93)
	at org.apache.catalina.core.StandardEngineValve.invoke(StandardEngineValve.java:74)
	at org.apache.catalina.connector.CoyoteAdapter.service(CoyoteAdapter.java:344)
	at org.apache.coyote.http11.Http11Processor.service(Http11Processor.java:389)
	at org.apache.coyote.AbstractProcessorLight.process(AbstractProcessorLight.java:63)
	at org.apache.coyote.AbstractProtocol$ConnectionHandler.process(AbstractProtocol.java:904)
	at org.apache.tomcat.util.net.NioEndpoint$SocketProcessor.doRun(NioEndpoint.java:1741)
	at org.apache.tomcat.util.net.SocketProcessorBase.run(SocketProcessorBase.java:52)
	at org.apache.tomcat.util.threads.ThreadPoolExecutor.runWorker(ThreadPoolExecutor.java:1190)
	at org.apache.tomcat.util.threads.ThreadPoolExecutor$Worker.run(ThreadPoolExecutor.java:659)
	at org.apache.tomcat.util.threads.TaskThread$WrappingRunnable.run(TaskThread.java:63)
	at java.base/java.lang.Thread.run(Thread.java:840)
2024-07-24 12:16:09,475 INFO  [background-preinit] o.h.v.i.util.Version: HV000001: Hibernate Validator 8.0.1.Final
2024-07-24 12:16:09,579 INFO  [main] o.s.b.StartupInfoLogger: Starting AirportManagementSystemApplication using Java 17.0.11 with PID 7320 (C:\Users\CharlesJester\IdeaProjects\airport-management-system\target\classes started by CharlesJester in C:\Users\CharlesJester\IdeaProjects\airport-management-system)
2024-07-24 12:16:09,584 INFO  [main] o.s.b.SpringApplication: No active profile set, falling back to 1 default profile: "default"
2024-07-24 12:16:12,850 INFO  [main] o.s.b.w.e.t.TomcatWebServer: Tomcat initialized with port 8080 (http)
2024-07-24 12:16:12,864 INFO  [main] o.a.j.l.DirectJDKLog: Initializing ProtocolHandler ["http-nio-8080"]
2024-07-24 12:16:12,869 INFO  [main] o.a.j.l.DirectJDKLog: Starting service [Tomcat]
2024-07-24 12:16:12,870 INFO  [main] o.a.j.l.DirectJDKLog: Starting Servlet engine: [Apache Tomcat/10.1.26]
2024-07-24 12:16:13,225 INFO  [main] o.a.j.l.DirectJDKLog: Initializing Spring embedded WebApplicationContext
2024-07-24 12:16:13,229 INFO  [main] o.s.b.w.s.c.ServletWebServerApplicationContext: Root WebApplicationContext: initialization completed in 3474 ms
2024-07-24 12:16:14,811 INFO  [main] o.s.b.a.e.w.EndpointLinksResolver: Exposing 1 endpoint beneath base path '/actuator'
2024-07-24 12:16:14,934 INFO  [main] o.a.j.l.DirectJDKLog: Starting ProtocolHandler ["http-nio-8080"]
2024-07-24 12:16:14,997 INFO  [main] o.s.b.w.e.t.TomcatWebServer: Tomcat started on port 8080 (http) with context path '/'
2024-07-24 12:16:15,031 INFO  [main] o.s.b.StartupInfoLogger: Started AirportManagementSystemApplication in 5.99 seconds (process running for 7.077)
2024-07-24 12:16:17,181 INFO  [http-nio-8080-exec-2] o.a.j.l.DirectJDKLog: Initializing Spring DispatcherServlet 'dispatcherServlet'
2024-07-24 12:16:17,182 INFO  [http-nio-8080-exec-2] o.s.w.s.FrameworkServlet: Initializing Servlet 'dispatcherServlet'
2024-07-24 12:16:17,183 INFO  [http-nio-8080-exec-2] o.s.w.s.FrameworkServlet: Completed initialization in 1 ms
2024-07-24 12:21:12,836 INFO  [background-preinit] o.h.v.i.util.Version: HV000001: Hibernate Validator 8.0.1.Final
2024-07-24 12:21:12,955 INFO  [main] o.s.b.StartupInfoLogger: Starting AirportManagementSystemApplication using Java 17.0.11 with PID 28568 (C:\Users\CharlesJester\IdeaProjects\airport-management-system\target\classes started by CharlesJester in C:\Users\CharlesJester\IdeaProjects\airport-management-system)
2024-07-24 12:21:12,959 INFO  [main] o.s.b.SpringApplication: No active profile set, falling back to 1 default profile: "default"
2024-07-24 12:21:16,104 INFO  [main] o.s.b.w.e.t.TomcatWebServer: Tomcat initialized with port 8080 (http)
2024-07-24 12:21:16,121 INFO  [main] o.a.j.l.DirectJDKLog: Initializing ProtocolHandler ["http-nio-8080"]
2024-07-24 12:21:16,125 INFO  [main] o.a.j.l.DirectJDKLog: Starting service [Tomcat]
2024-07-24 12:21:16,126 INFO  [main] o.a.j.l.DirectJDKLog: Starting Servlet engine: [Apache Tomcat/10.1.26]
2024-07-24 12:21:16,454 INFO  [main] o.a.j.l.DirectJDKLog: Initializing Spring embedded WebApplicationContext
2024-07-24 12:21:16,455 INFO  [main] o.s.b.w.s.c.ServletWebServerApplicationContext: Root WebApplicationContext: initialization completed in 3377 ms
2024-07-24 12:21:18,145 INFO  [main] o.s.b.a.e.w.EndpointLinksResolver: Exposing 1 endpoint beneath base path '/actuator'
2024-07-24 12:21:18,271 INFO  [main] o.a.j.l.DirectJDKLog: Starting ProtocolHandler ["http-nio-8080"]
2024-07-24 12:21:18,342 INFO  [main] o.s.b.w.e.t.TomcatWebServer: Tomcat started on port 8080 (http) with context path '/'
2024-07-24 12:21:18,372 INFO  [main] o.s.b.StartupInfoLogger: Started AirportManagementSystemApplication in 6.247 seconds (process running for 7.754)
2024-07-24 12:21:28,209 INFO  [http-nio-8080-exec-2] o.a.j.l.DirectJDKLog: Initializing Spring DispatcherServlet 'dispatcherServlet'
2024-07-24 12:21:28,209 INFO  [http-nio-8080-exec-2] o.s.w.s.FrameworkServlet: Initializing Servlet 'dispatcherServlet'
2024-07-24 12:21:28,211 INFO  [http-nio-8080-exec-2] o.s.w.s.FrameworkServlet: Completed initialization in 1 ms
2024-07-24 12:40:44,434 INFO  [background-preinit] o.h.v.i.util.Version: HV000001: Hibernate Validator 8.0.1.Final
2024-07-24 12:40:44,538 INFO  [main] o.s.b.StartupInfoLogger: Starting AirportManagementSystemApplication using Java 17.0.11 with PID 5000 (C:\Users\CharlesJester\IdeaProjects\airport-management-system\target\classes started by CharlesJester in C:\Users\CharlesJester\IdeaProjects\airport-management-system)
2024-07-24 12:40:44,539 INFO  [main] o.s.b.SpringApplication: No active profile set, falling back to 1 default profile: "default"
2024-07-24 12:40:47,238 INFO  [main] o.s.b.w.e.t.TomcatWebServer: Tomcat initialized with port 8080 (http)
2024-07-24 12:40:47,252 INFO  [main] o.a.j.l.DirectJDKLog: Initializing ProtocolHandler ["http-nio-8080"]
2024-07-24 12:40:47,255 INFO  [main] o.a.j.l.DirectJDKLog: Starting service [Tomcat]
2024-07-24 12:40:47,258 INFO  [main] o.a.j.l.DirectJDKLog: Starting Servlet engine: [Apache Tomcat/10.1.26]
2024-07-24 12:40:47,384 INFO  [main] o.a.j.l.DirectJDKLog: Initializing Spring embedded WebApplicationContext
2024-07-24 12:40:47,384 INFO  [main] o.s.b.w.s.c.ServletWebServerApplicationContext: Root WebApplicationContext: initialization completed in 2752 ms
2024-07-24 12:40:47,718 WARN  [main] o.s.c.s.AbstractApplicationContext: Exception encountered during context initialization - cancelling refresh attempt: org.springframework.beans.factory.UnsatisfiedDependencyException: Error creating bean with name 'authController' defined in file [C:\Users\CharlesJester\IdeaProjects\airport-management-system\target\classes\com\revature\ams\util\auth\AuthController.class]: Unsatisfied dependency expressed through constructor parameter 0: No qualifying bean of type 'com.revature.ams.util.auth.AuthService' available: expected at least 1 bean which qualifies as autowire candidate. Dependency annotations: {}
2024-07-24 12:40:47,724 INFO  [main] o.a.j.l.DirectJDKLog: Stopping service [Tomcat]
2024-07-24 12:40:47,748 INFO  [main] o.s.b.a.l.ConditionEvaluationReportLogger: 

Error starting ApplicationContext. To display the condition evaluation report re-run your application with 'debug' enabled.
2024-07-24 12:40:47,801 ERROR [main] o.s.b.d.LoggingFailureAnalysisReporter: 

***************************
APPLICATION FAILED TO START
***************************

Description:

Parameter 0 of constructor in com.revature.ams.util.auth.AuthController required a bean of type 'com.revature.ams.util.auth.AuthService' that could not be found.


Action:

Consider defining a bean of type 'com.revature.ams.util.auth.AuthService' in your configuration.

2024-07-24 12:41:31,363 INFO  [background-preinit] o.h.v.i.util.Version: HV000001: Hibernate Validator 8.0.1.Final
2024-07-24 12:41:31,440 INFO  [main] o.s.b.StartupInfoLogger: Starting AirportManagementSystemApplication using Java 17.0.11 with PID 25736 (C:\Users\CharlesJester\IdeaProjects\airport-management-system\target\classes started by CharlesJester in C:\Users\CharlesJester\IdeaProjects\airport-management-system)
2024-07-24 12:41:31,442 INFO  [main] o.s.b.SpringApplication: No active profile set, falling back to 1 default profile: "default"
2024-07-24 12:41:34,312 INFO  [main] o.s.b.w.e.t.TomcatWebServer: Tomcat initialized with port 8080 (http)
2024-07-24 12:41:34,324 INFO  [main] o.a.j.l.DirectJDKLog: Initializing ProtocolHandler ["http-nio-8080"]
2024-07-24 12:41:34,327 INFO  [main] o.a.j.l.DirectJDKLog: Starting service [Tomcat]
2024-07-24 12:41:34,327 INFO  [main] o.a.j.l.DirectJDKLog: Starting Servlet engine: [Apache Tomcat/10.1.26]
2024-07-24 12:41:34,463 INFO  [main] o.a.j.l.DirectJDKLog: Initializing Spring embedded WebApplicationContext
2024-07-24 12:41:34,464 INFO  [main] o.s.b.w.s.c.ServletWebServerApplicationContext: Root WebApplicationContext: initialization completed in 2931 ms
2024-07-24 12:41:35,822 INFO  [main] o.s.b.a.e.w.EndpointLinksResolver: Exposing 1 endpoint beneath base path '/actuator'
2024-07-24 12:41:35,932 INFO  [main] o.a.j.l.DirectJDKLog: Starting ProtocolHandler ["http-nio-8080"]
2024-07-24 12:41:36,023 INFO  [main] o.s.b.w.e.t.TomcatWebServer: Tomcat started on port 8080 (http) with context path '/'
2024-07-24 12:41:36,069 INFO  [main] o.s.b.StartupInfoLogger: Started AirportManagementSystemApplication in 5.157 seconds (process running for 6.062)
2024-07-24 12:41:45,452 INFO  [http-nio-8080-exec-1] o.a.j.l.DirectJDKLog: Initializing Spring DispatcherServlet 'dispatcherServlet'
2024-07-24 12:41:45,453 INFO  [http-nio-8080-exec-1] o.s.w.s.FrameworkServlet: Initializing Servlet 'dispatcherServlet'
2024-07-24 12:41:45,454 INFO  [http-nio-8080-exec-1] o.s.w.s.FrameworkServlet: Completed initialization in 0 ms
2024-07-24 12:43:38,243 INFO  [background-preinit] o.h.v.i.util.Version: HV000001: Hibernate Validator 8.0.1.Final
2024-07-24 12:43:38,354 INFO  [main] o.s.b.StartupInfoLogger: Starting AirportManagementSystemApplication using Java 17.0.11 with PID 24916 (C:\Users\CharlesJester\IdeaProjects\airport-management-system\target\classes started by CharlesJester in C:\Users\CharlesJester\IdeaProjects\airport-management-system)
2024-07-24 12:43:38,357 INFO  [main] o.s.b.SpringApplication: No active profile set, falling back to 1 default profile: "default"
2024-07-24 12:43:41,502 INFO  [main] o.s.b.w.e.t.TomcatWebServer: Tomcat initialized with port 8080 (http)
2024-07-24 12:43:41,518 INFO  [main] o.a.j.l.DirectJDKLog: Initializing ProtocolHandler ["http-nio-8080"]
2024-07-24 12:43:41,523 INFO  [main] o.a.j.l.DirectJDKLog: Starting service [Tomcat]
2024-07-24 12:43:41,523 INFO  [main] o.a.j.l.DirectJDKLog: Starting Servlet engine: [Apache Tomcat/10.1.26]
2024-07-24 12:43:41,700 INFO  [main] o.a.j.l.DirectJDKLog: Initializing Spring embedded WebApplicationContext
2024-07-24 12:43:41,701 INFO  [main] o.s.b.w.s.c.ServletWebServerApplicationContext: Root WebApplicationContext: initialization completed in 3237 ms
2024-07-24 12:43:43,124 INFO  [main] o.s.b.a.e.w.EndpointLinksResolver: Exposing 1 endpoint beneath base path '/actuator'
2024-07-24 12:43:43,260 INFO  [main] o.a.j.l.DirectJDKLog: Starting ProtocolHandler ["http-nio-8080"]
2024-07-24 12:43:43,375 INFO  [main] o.s.b.w.e.t.TomcatWebServer: Tomcat started on port 8080 (http) with context path '/'
2024-07-24 12:43:43,413 INFO  [main] o.s.b.StartupInfoLogger: Started AirportManagementSystemApplication in 5.977 seconds (process running for 7.401)
2024-07-24 12:43:47,652 INFO  [http-nio-8080-exec-2] o.a.j.l.DirectJDKLog: Initializing Spring DispatcherServlet 'dispatcherServlet'
2024-07-24 12:43:47,653 INFO  [http-nio-8080-exec-2] o.s.w.s.FrameworkServlet: Initializing Servlet 'dispatcherServlet'
2024-07-24 12:43:47,655 INFO  [http-nio-8080-exec-2] o.s.w.s.FrameworkServlet: Completed initialization in 0 ms
2024-07-24 12:48:14,817 INFO  [background-preinit] o.h.v.i.util.Version: HV000001: Hibernate Validator 8.0.1.Final
2024-07-24 12:48:14,934 INFO  [main] o.s.b.StartupInfoLogger: Starting AirportManagementSystemApplication using Java 17.0.11 with PID 21048 (C:\Users\CharlesJester\IdeaProjects\airport-management-system\target\classes started by CharlesJester in C:\Users\CharlesJester\IdeaProjects\airport-management-system)
2024-07-24 12:48:14,938 INFO  [main] o.s.b.SpringApplication: No active profile set, falling back to 1 default profile: "default"
2024-07-24 12:48:17,912 INFO  [main] o.s.b.w.e.t.TomcatWebServer: Tomcat initialized with port 8080 (http)
2024-07-24 12:48:17,925 INFO  [main] o.a.j.l.DirectJDKLog: Initializing ProtocolHandler ["http-nio-8080"]
2024-07-24 12:48:17,928 INFO  [main] o.a.j.l.DirectJDKLog: Starting service [Tomcat]
2024-07-24 12:48:17,929 INFO  [main] o.a.j.l.DirectJDKLog: Starting Servlet engine: [Apache Tomcat/10.1.26]
2024-07-24 12:48:18,058 INFO  [main] o.a.j.l.DirectJDKLog: Initializing Spring embedded WebApplicationContext
2024-07-24 12:48:18,060 INFO  [main] o.s.b.w.s.c.ServletWebServerApplicationContext: Root WebApplicationContext: initialization completed in 3013 ms
2024-07-24 12:48:19,703 INFO  [main] o.s.b.a.e.w.EndpointLinksResolver: Exposing 1 endpoint beneath base path '/actuator'
2024-07-24 12:48:19,854 INFO  [main] o.a.j.l.DirectJDKLog: Starting ProtocolHandler ["http-nio-8080"]
2024-07-24 12:48:19,974 INFO  [main] o.s.b.w.e.t.TomcatWebServer: Tomcat started on port 8080 (http) with context path '/'
2024-07-24 12:48:20,032 INFO  [main] o.s.b.StartupInfoLogger: Started AirportManagementSystemApplication in 5.845 seconds (process running for 6.924)
2024-07-24 12:48:30,316 INFO  [http-nio-8080-exec-2] o.a.j.l.DirectJDKLog: Initializing Spring DispatcherServlet 'dispatcherServlet'
2024-07-24 12:48:30,318 INFO  [http-nio-8080-exec-2] o.s.w.s.FrameworkServlet: Initializing Servlet 'dispatcherServlet'
2024-07-24 12:48:30,320 INFO  [http-nio-8080-exec-2] o.s.w.s.FrameworkServlet: Completed initialization in 2 ms
2024-07-24 12:51:19,509 INFO  [background-preinit] o.h.v.i.util.Version: HV000001: Hibernate Validator 8.0.1.Final
2024-07-24 12:51:19,599 INFO  [main] o.s.b.StartupInfoLogger: Starting AirportManagementSystemApplication using Java 17.0.11 with PID 21804 (C:\Users\CharlesJester\IdeaProjects\airport-management-system\target\classes started by CharlesJester in C:\Users\CharlesJester\IdeaProjects\airport-management-system)
2024-07-24 12:51:19,602 INFO  [main] o.s.b.SpringApplication: No active profile set, falling back to 1 default profile: "default"
2024-07-24 12:51:22,251 INFO  [main] o.s.b.w.e.t.TomcatWebServer: Tomcat initialized with port 8080 (http)
2024-07-24 12:51:22,263 INFO  [main] o.a.j.l.DirectJDKLog: Initializing ProtocolHandler ["http-nio-8080"]
2024-07-24 12:51:22,265 INFO  [main] o.a.j.l.DirectJDKLog: Starting service [Tomcat]
2024-07-24 12:51:22,266 INFO  [main] o.a.j.l.DirectJDKLog: Starting Servlet engine: [Apache Tomcat/10.1.26]
2024-07-24 12:51:22,391 INFO  [main] o.a.j.l.DirectJDKLog: Initializing Spring embedded WebApplicationContext
2024-07-24 12:51:22,392 INFO  [main] o.s.b.w.s.c.ServletWebServerApplicationContext: Root WebApplicationContext: initialization completed in 2692 ms
2024-07-24 12:51:23,762 INFO  [main] o.s.b.a.e.w.EndpointLinksResolver: Exposing 1 endpoint beneath base path '/actuator'
2024-07-24 12:51:23,881 INFO  [main] o.a.j.l.DirectJDKLog: Starting ProtocolHandler ["http-nio-8080"]
2024-07-24 12:51:23,943 INFO  [main] o.s.b.w.e.t.TomcatWebServer: Tomcat started on port 8080 (http) with context path '/'
2024-07-24 12:51:23,966 INFO  [main] o.s.b.StartupInfoLogger: Started AirportManagementSystemApplication in 4.917 seconds (process running for 5.821)
2024-07-24 12:51:41,933 INFO  [http-nio-8080-exec-1] o.a.j.l.DirectJDKLog: Initializing Spring DispatcherServlet 'dispatcherServlet'
2024-07-24 12:51:41,933 INFO  [http-nio-8080-exec-1] o.s.w.s.FrameworkServlet: Initializing Servlet 'dispatcherServlet'
2024-07-24 12:51:41,934 INFO  [http-nio-8080-exec-1] o.s.w.s.FrameworkServlet: Completed initialization in 1 ms
2024-07-24 12:56:04,383 INFO  [background-preinit] o.h.v.i.util.Version: HV000001: Hibernate Validator 8.0.1.Final
2024-07-24 12:56:04,479 INFO  [main] o.s.b.StartupInfoLogger: Starting AirportManagementSystemApplication using Java 17.0.11 with PID 18972 (C:\Users\CharlesJester\IdeaProjects\airport-management-system\target\classes started by CharlesJester in C:\Users\CharlesJester\IdeaProjects\airport-management-system)
2024-07-24 12:56:04,482 INFO  [main] o.s.b.SpringApplication: No active profile set, falling back to 1 default profile: "default"
2024-07-24 12:56:08,109 INFO  [main] o.s.b.w.e.t.TomcatWebServer: Tomcat initialized with port 8080 (http)
2024-07-24 12:56:08,131 INFO  [main] o.a.j.l.DirectJDKLog: Initializing ProtocolHandler ["http-nio-8080"]
2024-07-24 12:56:08,135 INFO  [main] o.a.j.l.DirectJDKLog: Starting service [Tomcat]
2024-07-24 12:56:08,137 INFO  [main] o.a.j.l.DirectJDKLog: Starting Servlet engine: [Apache Tomcat/10.1.26]
2024-07-24 12:56:08,316 INFO  [main] o.a.j.l.DirectJDKLog: Initializing Spring embedded WebApplicationContext
2024-07-24 12:56:08,319 INFO  [main] o.s.b.w.s.c.ServletWebServerApplicationContext: Root WebApplicationContext: initialization completed in 3707 ms
2024-07-24 12:56:09,437 INFO  [main] o.s.b.a.e.w.EndpointLinksResolver: Exposing 1 endpoint beneath base path '/actuator'
2024-07-24 12:56:09,510 INFO  [main] o.a.j.l.DirectJDKLog: Starting ProtocolHandler ["http-nio-8080"]
2024-07-24 12:56:09,561 INFO  [main] o.s.b.w.e.t.TomcatWebServer: Tomcat started on port 8080 (http) with context path '/'
2024-07-24 12:56:09,580 INFO  [main] o.s.b.StartupInfoLogger: Started AirportManagementSystemApplication in 5.905 seconds (process running for 7.455)
2024-07-24 12:56:28,809 INFO  [http-nio-8080-exec-2] o.a.j.l.DirectJDKLog: Initializing Spring DispatcherServlet 'dispatcherServlet'
2024-07-24 12:56:28,811 INFO  [http-nio-8080-exec-2] o.s.w.s.FrameworkServlet: Initializing Servlet 'dispatcherServlet'
2024-07-24 12:56:28,815 INFO  [http-nio-8080-exec-2] o.s.w.s.FrameworkServlet: Completed initialization in 4 ms
